Using pre-set license
Built from '2021.3/staging' branch; Version is '2021.3.7f1 (24e8595d6d43) revision 2418777'; Using compiler version '192829333'; Build Type 'Release'
OS: 'Windows 10  (10.0.19044) 64bit Professional' Language: 'es' Physical Memory: 16085 MB
BatchMode: 1, IsHumanControllingUs: 0, StartBugReporterOnCrash: 0, Is64bit: 1, IsPro: 1

COMMAND LINE ARGUMENTS:
C:\Program Files\Unity 2021.3.7f1\Editor\Unity.exe
-adb2
-batchMode
-noUpm
-name
AssetImportWorker2
-projectPath
C:/Users/Infin/Documents/GitHub/Project-Zero/Project Zero
-logFile
Logs/AssetImportWorker2.log
-srvPort
50654
Successfully changed project path to: C:/Users/Infin/Documents/GitHub/Project-Zero/Project Zero
C:/Users/Infin/Documents/GitHub/Project-Zero/Project Zero
[UnityMemory] Configuration Parameters - Can be set up in boot.config
    "memorysetup-bucket-allocator-granularity=16"
    "memorysetup-bucket-allocator-bucket-count=8"
    "memorysetup-bucket-allocator-block-size=33554432"
    "memorysetup-bucket-allocator-block-count=8"
    "memorysetup-main-allocator-block-size=16777216"
    "memorysetup-thread-allocator-block-size=16777216"
    "memorysetup-gfx-main-allocator-block-size=16777216"
    "memorysetup-gfx-thread-allocator-block-size=16777216"
    "memorysetup-cache-allocator-block-size=4194304"
    "memorysetup-typetree-allocator-block-size=2097152"
    "memorysetup-profiler-bucket-allocator-granularity=16"
    "memorysetup-profiler-bucket-allocator-bucket-count=8"
    "memorysetup-profiler-bucket-allocator-block-size=33554432"
    "memorysetup-profiler-bucket-allocator-block-count=8"
    "memorysetup-profiler-allocator-block-size=16777216"
    "memorysetup-profiler-editor-allocator-block-size=1048576"
    "memorysetup-temp-allocator-size-main=16777216"
    "memorysetup-job-temp-allocator-block-size=2097152"
    "memorysetup-job-temp-allocator-block-size-background=1048576"
    "memorysetup-job-temp-allocator-reduction-small-platforms=262144"
    "memorysetup-temp-allocator-size-background-worker=32768"
    "memorysetup-temp-allocator-size-job-worker=262144"
    "memorysetup-temp-allocator-size-preload-manager=33554432"
    "memorysetup-temp-allocator-size-nav-mesh-worker=65536"
    "memorysetup-temp-allocator-size-audio-worker=65536"
    "memorysetup-temp-allocator-size-cloud-worker=32768"
    "memorysetup-temp-allocator-size-gi-baking-worker=262144"
    "memorysetup-temp-allocator-size-gfx=262144"
Refreshing native plugins compatible for Editor in 76.19 ms, found 3 plugins.
Preloading 0 native plugins for Editor in 0.00 ms.
Initialize engine version: 2021.3.7f1 (24e8595d6d43)
[Subsystems] Discovering subsystems at path C:/Program Files/Unity 2021.3.7f1/Editor/Data/Resources/UnitySubsystems
[Subsystems] Discovering subsystems at path C:/Users/Infin/Documents/GitHub/Project-Zero/Project Zero/Assets
GfxDevice: creating device client; threaded=0; jobified=0
Direct3D:
    Version:  Direct3D 11.0 [level 11.1]
    Renderer: NVIDIA GeForce RTX 3080 Laptop GPU (ID=0x249c)
    Vendor:   NVIDIA
    VRAM:     16201 MB
    Driver:   30.0.14.9717
Initialize mono
Mono path[0] = 'C:/Program Files/Unity 2021.3.7f1/Editor/Data/Managed'
Mono path[1] = 'C:/Program Files/Unity 2021.3.7f1/Editor/Data/MonoBleedingEdge/lib/mono/unityjit-win32'
Mono config path = 'C:/Program Files/Unity 2021.3.7f1/Editor/Data/MonoBleedingEdge/etc'
Using monoOptions --debugger-agent=transport=dt_socket,embedding=1,server=y,suspend=n,address=127.0.0.1:56068
Begin MonoManager ReloadAssembly
Registering precompiled unity dll's ...
Register platform support module: C:/Program Files/Unity 2021.3.7f1/Editor/Data/PlaybackEngines/WindowsStandaloneSupport/UnityEditor.WindowsStandalone.Extensions.dll
Registered in 0.005128 seconds.
Native extension for WindowsStandalone target not found
Refreshing native plugins compatible for Editor in 67.58 ms, found 3 plugins.
Preloading 0 native plugins for Editor in 0.00 ms.
Mono: successfully reloaded assembly
- Completed reload, in  0.537 seconds
Domain Reload Profiling:
	ReloadAssembly (537ms)
		BeginReloadAssembly (65ms)
			ExecutionOrderSort (0ms)
			DisableScriptedObjects (0ms)
			BackupInstance (0ms)
			ReleaseScriptingObjects (0ms)
			CreateAndSetChildDomain (1ms)
		EndReloadAssembly (381ms)
			LoadAssemblies (63ms)
			RebuildTransferFunctionScriptingTraits (0ms)
			SetupTypeCache (85ms)
			ReleaseScriptCaches (0ms)
			RebuildScriptCaches (22ms)
			SetupLoadedEditorAssemblies (231ms)
				LogAssemblyErrors (0ms)
				InitializePlatformSupportModulesInManaged (6ms)
				SetLoadedEditorAssemblies (0ms)
				RefreshPlugins (68ms)
				BeforeProcessingInitializeOnLoad (1ms)
				ProcessInitializeOnLoadAttributes (112ms)
				ProcessInitializeOnLoadMethodAttributes (44ms)
				AfterProcessingInitializeOnLoad (0ms)
				EditorAssembliesLoaded (0ms)
			ExecutionOrderSort2 (0ms)
			AwakeInstancesAfterBackupRestoration (0ms)
Platform modules already initialized, skipping
Registering precompiled user dll's ...
Registered in 0.006991 seconds.
Begin MonoManager ReloadAssembly
Symbol file LoadedFromMemory doesn't match image C:\Users\Infin\Documents\GitHub\Project-Zero\Project Zero\Library\PackageCache\com.unity.visualscripting@1.7.8\Editor\VisualScripting.Core\Dependencies\YamlDotNet\Unity.VisualScripting.YamlDotNet.dll
Symbol file LoadedFromMemory doesn't match image C:\Users\Infin\Documents\GitHub\Project-Zero\Project Zero\Library\PackageCache\com.unity.visualscripting@1.7.8\Editor\VisualScripting.Core\Dependencies\DotNetZip\Unity.VisualScripting.IonicZip.dll
Native extension for WindowsStandalone target not found
Refreshing native plugins compatible for Editor in 0.56 ms, found 3 plugins.
Preloading 0 native plugins for Editor in 0.00 ms.
Mono: successfully reloaded assembly
- Completed reload, in  0.851 seconds
Domain Reload Profiling:
	ReloadAssembly (852ms)
		BeginReloadAssembly (103ms)
			ExecutionOrderSort (0ms)
			DisableScriptedObjects (6ms)
			BackupInstance (0ms)
			ReleaseScriptingObjects (0ms)
			CreateAndSetChildDomain (19ms)
		EndReloadAssembly (651ms)
			LoadAssemblies (77ms)
			RebuildTransferFunctionScriptingTraits (0ms)
			SetupTypeCache (205ms)
			ReleaseScriptCaches (1ms)
			RebuildScriptCaches (40ms)
			SetupLoadedEditorAssemblies (307ms)
				LogAssemblyErrors (0ms)
				InitializePlatformSupportModulesInManaged (5ms)
				SetLoadedEditorAssemblies (0ms)
				RefreshPlugins (1ms)
				BeforeProcessingInitializeOnLoad (73ms)
				ProcessInitializeOnLoadAttributes (198ms)
				ProcessInitializeOnLoadMethodAttributes (23ms)
				AfterProcessingInitializeOnLoad (6ms)
				EditorAssembliesLoaded (0ms)
			ExecutionOrderSort2 (0ms)
			AwakeInstancesAfterBackupRestoration (5ms)
Platform modules already initialized, skipping
========================================================================
Worker process is ready to serve import requests
Launched and connected shader compiler UnityShaderCompiler.exe after 0.04 seconds
Refreshing native plugins compatible for Editor in 1.27 ms, found 3 plugins.
Preloading 0 native plugins for Editor in 0.00 ms.
Unloading 3403 Unused Serialized files (Serialized files now loaded: 0)
Unloading 27 unused Assets / (111.1 KB). Loaded Objects now: 3863.
Memory consumption went from 119.5 MB to 119.4 MB.
Total: 3.100500 ms (FindLiveObjects: 0.262500 ms CreateObjectMapping: 0.090600 ms MarkObjects: 2.640100 ms  DeleteObjects: 0.106400 ms)

AssetImportParameters requested are different than current active one (requested -> active):
  custom:video-decoder-ogg-theora: a1e56fd34408186e4bbccfd4996cb3dc -> 
  custom:container-muxer-webm: aa71ff27fc2769a1b78a27578f13a17b -> 
  custom:container-demuxer-webm: 4f35f7cbe854078d1ac9338744f61a02 -> 
  custom:video-encoder-webm-vp8: eb34c28f22e8b96e1ab97ce403110664 -> 
  custom:audio-encoder-webm-vorbis: bf7c407c2cedff20999df2af8eb42d56 -> 
  custom:framework-win-MediaFoundation: 216162199b28c13a410421893ffa2e32 -> 
  custom:container-demuxer-ogg: 62fdf1f143b41e24485cea50d1cbac27 -> 
  custom:video-decoder-webm-vp8: 9c59270c3fd7afecdb556c50c9e8de78 -> 
  custom:audio-decoder-ogg-vorbis: bf7c407c2cedff20999df2af8eb42d56 -> 
========================================================================
Received Import Request.
  Time since last request: 1065010.615691 seconds.
  path: Assets/UnityStore stuff/Polygonal Metalon/FBX/Polygonal Metalon@Stab Attack.FBX
  artifactKey: Guid(86ad529a54857f24ba490579bfcc56eb) Importer(815301076,1909f56bfc062723c751e8b465ee728b)
Start importing Assets/UnityStore stuff/Polygonal Metalon/FBX/Polygonal Metalon@Stab Attack.FBX using Guid(86ad529a54857f24ba490579bfcc56eb) Importer(815301076,1909f56bfc062723c751e8b465ee728b)  -> (artifact id: '04b9bfc8106f725c50f2554f29e1a171') in 0.140980 seconds 
========================================================================
Received Import Request.
  Time since last request: 0.785215 seconds.
  path: Assets/UnityStore stuff/Polygonal Metalon/FBX/Polygonal Metalon@Run Forward In Place.FBX
  artifactKey: Guid(5c58933387b06c046a5f6eb866055790) Importer(815301076,1909f56bfc062723c751e8b465ee728b)
Start importing Assets/UnityStore stuff/Polygonal Metalon/FBX/Polygonal Metalon@Run Forward In Place.FBX using Guid(5c58933387b06c046a5f6eb866055790) Importer(815301076,1909f56bfc062723c751e8b465ee728b)  -> (artifact id: 'ed83fb0f712a93e59621ec3e11534e7d') in 0.044351 seconds 
========================================================================
Received Import Request.
  Time since last request: 0.000018 seconds.
  path: Assets/UnityStore stuff/Polygonal Metalon/Prefabs/Polygonal Metalon Purple.prefab
  artifactKey: Guid(e9a03d46b76afe246a9ffd58d255bb65) Importer(815301076,1909f56bfc062723c751e8b465ee728b)
Start importing Assets/UnityStore stuff/Polygonal Metalon/Prefabs/Polygonal Metalon Purple.prefab using Guid(e9a03d46b76afe246a9ffd58d255bb65) Importer(815301076,1909f56bfc062723c751e8b465ee728b)  -> (artifact id: '3d5a3c9e5262c72623247bd805c76bd7') in 0.043294 seconds 
========================================================================
Received Import Request.
  Time since last request: 0.000025 seconds.
  path: Assets/UnityStore stuff/Polygonal Metalon/FBX/Polygonal Metalon.FBX
  artifactKey: Guid(66ca9bf0145725543a1e8a693589f362) Importer(815301076,1909f56bfc062723c751e8b465ee728b)
Start importing Assets/UnityStore stuff/Polygonal Metalon/FBX/Polygonal Metalon.FBX using Guid(66ca9bf0145725543a1e8a693589f362) Importer(815301076,1909f56bfc062723c751e8b465ee728b)  -> (artifact id: 'b9c09d48567202a313e5850c54079324') in 0.041971 seconds 
========================================================================
Received Import Request.
  Time since last request: 0.000027 seconds.
  path: Assets/UnityStore stuff/Low Poly Weapons VOL.1/Models/M4_8.fbx
  artifactKey: Guid(c7741850eebe1df4ea75a80275b16311) Importer(815301076,1909f56bfc062723c751e8b465ee728b)
Start importing Assets/UnityStore stuff/Low Poly Weapons VOL.1/Models/M4_8.fbx using Guid(c7741850eebe1df4ea75a80275b16311) Importer(815301076,1909f56bfc062723c751e8b465ee728b)  -> (artifact id: 'bb86d31ce4610ea6ed52cadfbd3b12e9') in 0.078983 seconds 
========================================================================
Received Import Request.
  Time since last request: 0.000024 seconds.
  path: Assets/UnityStore stuff/SciFiWarriorPBRHPPolyart/Animations/Die.fbx
  artifactKey: Guid(d406f8f3cbe268f4e9d0234d45cca60c) Importer(815301076,1909f56bfc062723c751e8b465ee728b)
Start importing Assets/UnityStore stuff/SciFiWarriorPBRHPPolyart/Animations/Die.fbx using Guid(d406f8f3cbe268f4e9d0234d45cca60c) Importer(815301076,1909f56bfc062723c751e8b465ee728b)  -> (artifact id: '24c30084ca6bec302828daa52c723bbc') in 0.109782 seconds 
========================================================================
Received Import Request.
  Time since last request: 0.000023 seconds.
  path: Assets/UnityStore stuff/Low Poly Weapons VOL.1/Prefabs/M107.prefab
  artifactKey: Guid(7359baf27e84aa44cafac3788c8be0f1) Importer(815301076,1909f56bfc062723c751e8b465ee728b)
Start importing Assets/UnityStore stuff/Low Poly Weapons VOL.1/Prefabs/M107.prefab using Guid(7359baf27e84aa44cafac3788c8be0f1) Importer(815301076,1909f56bfc062723c751e8b465ee728b)  -> (artifact id: '358ed76f4ccbc30e1a58dbdcec7b2f35') in 0.010628 seconds 
========================================================================
Received Import Request.
  Time since last request: 0.000020 seconds.
  path: Assets/UnityStore stuff/Polygonal Metalon/FBX/Polygonal Metalon@Die.FBX
  artifactKey: Guid(f98e921a4bf7e9644ad07becaccbf218) Importer(815301076,1909f56bfc062723c751e8b465ee728b)
Start importing Assets/UnityStore stuff/Polygonal Metalon/FBX/Polygonal Metalon@Die.FBX using Guid(f98e921a4bf7e9644ad07becaccbf218) Importer(815301076,1909f56bfc062723c751e8b465ee728b)  -> (artifact id: 'ef6207f9b4202c715499912f53674c75') in 0.042720 seconds 
========================================================================
Received Import Request.
  Time since last request: 0.000021 seconds.
  path: Assets/UnityStore stuff/Low Poly Weapons VOL.1/Prefabs/M249.prefab
  artifactKey: Guid(432643b6e5110004083fdff3e33e490b) Importer(815301076,1909f56bfc062723c751e8b465ee728b)
Start importing Assets/UnityStore stuff/Low Poly Weapons VOL.1/Prefabs/M249.prefab using Guid(432643b6e5110004083fdff3e33e490b) Importer(815301076,1909f56bfc062723c751e8b465ee728b)  -> (artifact id: 'e84834a390fbef57c23a3db347b8f9cb') in 0.010042 seconds 
========================================================================
Received Import Request.
  Time since last request: 0.000035 seconds.
  path: Assets/UnityStore stuff/Robot_Soldier/Prefabs/Floor.prefab
  artifactKey: Guid(34ad339615304b44c91562cbd11001f2) Importer(815301076,1909f56bfc062723c751e8b465ee728b)
Start importing Assets/UnityStore stuff/Robot_Soldier/Prefabs/Floor.prefab using Guid(34ad339615304b44c91562cbd11001f2) Importer(815301076,1909f56bfc062723c751e8b465ee728b)  -> (artifact id: 'bc26198ccd75f442b2b7e12a9ddc6785') in 0.010299 seconds 
========================================================================
Received Import Request.
  Time since last request: 0.000022 seconds.
  path: Assets/UnityStore stuff/Robot_Soldier/Meshes/Floor.FBX
  artifactKey: Guid(9f09bf7094e1b9343afb24906c65f1dc) Importer(815301076,1909f56bfc062723c751e8b465ee728b)
Start importing Assets/UnityStore stuff/Robot_Soldier/Meshes/Floor.FBX using Guid(9f09bf7094e1b9343afb24906c65f1dc) Importer(815301076,1909f56bfc062723c751e8b465ee728b)  -> (artifact id: 'df51791e9058f3aebae82ef6dc2fd900') in 0.016036 seconds 
========================================================================
Received Import Request.
  Time since last request: 0.000034 seconds.
  path: Assets/UnityStore stuff/Polygonal Metalon/Demo Assets/Base.FBX
  artifactKey: Guid(d43fabc0c6249d84b8e67387e5f3a340) Importer(815301076,1909f56bfc062723c751e8b465ee728b)
Start importing Assets/UnityStore stuff/Polygonal Metalon/Demo Assets/Base.FBX using Guid(d43fabc0c6249d84b8e67387e5f3a340) Importer(815301076,1909f56bfc062723c751e8b465ee728b)  -> (artifact id: 'b7e4aa904cc9d2d1fe6f76046f2633ad') in 0.012922 seconds 
========================================================================
Received Import Request.
  Time since last request: 0.000022 seconds.
  path: Assets/UnityStore stuff/SciFiWarriorPBRHPPolyart/Mesh/Polyart_Mesh.fbx
  artifactKey: Guid(860793eb3324391468f1c120a75ec049) Importer(815301076,1909f56bfc062723c751e8b465ee728b)
Start importing Assets/UnityStore stuff/SciFiWarriorPBRHPPolyart/Mesh/Polyart_Mesh.fbx using Guid(860793eb3324391468f1c120a75ec049) Importer(815301076,1909f56bfc062723c751e8b465ee728b)  -> (artifact id: '0f33386317c7287fd5d13ded18f366da') in 0.076352 seconds 
========================================================================
Received Import Request.
  Time since last request: 0.000030 seconds.
  path: Assets/UnityStore stuff/Low Poly Weapons VOL.1/Models/M249.fbx
  artifactKey: Guid(01890195b95a26f4fa4aa4f8f5a0cc5e) Importer(815301076,1909f56bfc062723c751e8b465ee728b)
Start importing Assets/UnityStore stuff/Low Poly Weapons VOL.1/Models/M249.fbx using Guid(01890195b95a26f4fa4aa4f8f5a0cc5e) Importer(815301076,1909f56bfc062723c751e8b465ee728b)  -> (artifact id: '491d35617aad6e4a6936f2dd101c5c6f') in 0.046951 seconds 
========================================================================
Received Import Request.
  Time since last request: 0.000028 seconds.
  path: Assets/UnityStore stuff/Low Poly Weapons VOL.1/Prefabs/ELCAN.prefab
  artifactKey: Guid(75aeffeed5a736f46afbef3a42e93fab) Importer(815301076,1909f56bfc062723c751e8b465ee728b)
Start importing Assets/UnityStore stuff/Low Poly Weapons VOL.1/Prefabs/ELCAN.prefab using Guid(75aeffeed5a736f46afbef3a42e93fab) Importer(815301076,1909f56bfc062723c751e8b465ee728b)  -> (artifact id: '64c135940548ca925fd6de055b48c599') in 0.008333 seconds 
========================================================================
Received Import Request.
  Time since last request: 0.000023 seconds.
  path: Assets/UnityStore stuff/Polygonal Metalon/FBX/Polygonal Metalon@Jump W Root.FBX
  artifactKey: Guid(31b86f9a62289fe4eba6cc76582b09b5) Importer(815301076,1909f56bfc062723c751e8b465ee728b)
Start importing Assets/UnityStore stuff/Polygonal Metalon/FBX/Polygonal Metalon@Jump W Root.FBX using Guid(31b86f9a62289fe4eba6cc76582b09b5) Importer(815301076,1909f56bfc062723c751e8b465ee728b)  -> (artifact id: '93f71da76d6398ef17d12c3756334b15') in 0.041585 seconds 
========================================================================
Received Import Request.
  Time since last request: 0.000021 seconds.
  path: Assets/PreFabs/Floor.prefab
  artifactKey: Guid(167d4161c139e654980fe8374bf0dd48) Importer(815301076,1909f56bfc062723c751e8b465ee728b)
Start importing Assets/PreFabs/Floor.prefab using Guid(167d4161c139e654980fe8374bf0dd48) Importer(815301076,1909f56bfc062723c751e8b465ee728b)  -> (artifact id: '447f91fe6c054a7e873928a678bbf0b4') in 0.006876 seconds 
========================================================================
Received Import Request.
  Time since last request: 14.706108 seconds.
  path: Assets/PreFabs/Spawner.prefab
  artifactKey: Guid(bdd721868d0d88846a5d40a19a22353d) Importer(815301076,1909f56bfc062723c751e8b465ee728b)
Start importing Assets/PreFabs/Spawner.prefab using Guid(bdd721868d0d88846a5d40a19a22353d) Importer(815301076,1909f56bfc062723c751e8b465ee728b)  -> (artifact id: '160116fb3a8276799793f0e91748cd8f') in 0.004446 seconds 
========================================================================
Received Import Request.
  Time since last request: 23.214258 seconds.
  path: Assets/PreFabs/Spawner.prefab
  artifactKey: Guid(bdd721868d0d88846a5d40a19a22353d) Importer(815301076,1909f56bfc062723c751e8b465ee728b)
Start importing Assets/PreFabs/Spawner.prefab using Guid(bdd721868d0d88846a5d40a19a22353d) Importer(815301076,1909f56bfc062723c751e8b465ee728b)  -> (artifact id: '25b8887580bc1dad713d30761178d066') in 0.006500 seconds 
