Using pre-set license
Built from '2021.3/staging' branch; Version is '2021.3.7f1 (24e8595d6d43) revision 2418777'; Using compiler version '192829333'; Build Type 'Release'
OS: 'Windows 10  (10.0.19042) 64bit Professional' Language: 'en' Physical Memory: 16085 MB
BatchMode: 1, IsHumanControllingUs: 0, StartBugReporterOnCrash: 0, Is64bit: 1, IsPro: 1

COMMAND LINE ARGUMENTS:
C:\Program Files\Unity\Hub\Editor\2021.3.7f1\Editor\Unity.exe
-adb2
-batchMode
-noUpm
-name
AssetImportWorker0
-projectPath
C:/Portfolio2[Repo]/Project-Zero/Project-Zero/Project Zero
-logFile
Logs/AssetImportWorker0.log
-srvPort
60151
Successfully changed project path to: C:/Portfolio2[Repo]/Project-Zero/Project-Zero/Project Zero
C:/Portfolio2[Repo]/Project-Zero/Project-Zero/Project Zero
[UnityMemory] Configuration Parameters - Can be set up in boot.config
    "memorysetup-bucket-allocator-granularity=16"
    "memorysetup-bucket-allocator-bucket-count=8"
    "memorysetup-bucket-allocator-block-size=33554432"
    "memorysetup-bucket-allocator-block-count=8"
    "memorysetup-main-allocator-block-size=16777216"
    "memorysetup-thread-allocator-block-size=16777216"
    "memorysetup-gfx-main-allocator-block-size=16777216"
    "memorysetup-gfx-thread-allocator-block-size=16777216"
    "memorysetup-cache-allocator-block-size=4194304"
    "memorysetup-typetree-allocator-block-size=2097152"
    "memorysetup-profiler-bucket-allocator-granularity=16"
    "memorysetup-profiler-bucket-allocator-bucket-count=8"
    "memorysetup-profiler-bucket-allocator-block-size=33554432"
    "memorysetup-profiler-bucket-allocator-block-count=8"
    "memorysetup-profiler-allocator-block-size=16777216"
    "memorysetup-profiler-editor-allocator-block-size=1048576"
    "memorysetup-temp-allocator-size-main=16777216"
    "memorysetup-job-temp-allocator-block-size=2097152"
    "memorysetup-job-temp-allocator-block-size-background=1048576"
    "memorysetup-job-temp-allocator-reduction-small-platforms=262144"
    "memorysetup-temp-allocator-size-background-worker=32768"
    "memorysetup-temp-allocator-size-job-worker=262144"
    "memorysetup-temp-allocator-size-preload-manager=33554432"
    "memorysetup-temp-allocator-size-nav-mesh-worker=65536"
    "memorysetup-temp-allocator-size-audio-worker=65536"
    "memorysetup-temp-allocator-size-cloud-worker=32768"
    "memorysetup-temp-allocator-size-gi-baking-worker=262144"
    "memorysetup-temp-allocator-size-gfx=262144"
Refreshing native plugins compatible for Editor in 438.54 ms, found 3 plugins.
Preloading 0 native plugins for Editor in 0.00 ms.
Initialize engine version: 2021.3.7f1 (24e8595d6d43)
[Subsystems] Discovering subsystems at path C:/Program Files/Unity/Hub/Editor/2021.3.7f1/Editor/Data/Resources/UnitySubsystems
[Subsystems] Discovering subsystems at path C:/Portfolio2[Repo]/Project-Zero/Project-Zero/Project Zero/Assets
GfxDevice: creating device client; threaded=0; jobified=0
Direct3D:
    Version:  Direct3D 11.0 [level 11.1]
    Renderer: NVIDIA GeForce RTX 3080 Laptop GPU (ID=0x249c)
    Vendor:   NVIDIA
    VRAM:     16201 MB
    Driver:   31.0.15.1659
Initialize mono
Mono path[0] = 'C:/Program Files/Unity/Hub/Editor/2021.3.7f1/Editor/Data/Managed'
Mono path[1] = 'C:/Program Files/Unity/Hub/Editor/2021.3.7f1/Editor/Data/MonoBleedingEdge/lib/mono/unityjit-win32'
Mono config path = 'C:/Program Files/Unity/Hub/Editor/2021.3.7f1/Editor/Data/MonoBleedingEdge/etc'
Using monoOptions --debugger-agent=transport=dt_socket,embedding=1,server=y,suspend=n,address=127.0.0.1:56924
Begin MonoManager ReloadAssembly
Registering precompiled unity dll's ...
Register platform support module: C:/Program Files/Unity/Hub/Editor/2021.3.7f1/Editor/Data/PlaybackEngines/WebGLSupport/UnityEditor.WebGL.Extensions.dll
Register platform support module: C:/Program Files/Unity/Hub/Editor/2021.3.7f1/Editor/Data/PlaybackEngines/WindowsStandaloneSupport/UnityEditor.WindowsStandalone.Extensions.dll
Registered in 0.034426 seconds.
Native extension for WindowsStandalone target not found
Native extension for WebGL target not found
Refreshing native plugins compatible for Editor in 402.78 ms, found 3 plugins.
Preloading 0 native plugins for Editor in 0.00 ms.
Mono: successfully reloaded assembly
- Completed reload, in  2.958 seconds
Domain Reload Profiling:
	ReloadAssembly (2959ms)
		BeginReloadAssembly (331ms)
			ExecutionOrderSort (0ms)
			DisableScriptedObjects (0ms)
			BackupInstance (0ms)
			ReleaseScriptingObjects (0ms)
			CreateAndSetChildDomain (2ms)
		EndReloadAssembly (2074ms)
			LoadAssemblies (323ms)
			RebuildTransferFunctionScriptingTraits (0ms)
			SetupTypeCache (496ms)
			ReleaseScriptCaches (0ms)
			RebuildScriptCaches (142ms)
			SetupLoadedEditorAssemblies (1187ms)
				LogAssemblyErrors (0ms)
				InitializePlatformSupportModulesInManaged (48ms)
				SetLoadedEditorAssemblies (1ms)
				RefreshPlugins (403ms)
				BeforeProcessingInitializeOnLoad (4ms)
				ProcessInitializeOnLoadAttributes (573ms)
				ProcessInitializeOnLoadMethodAttributes (157ms)
				AfterProcessingInitializeOnLoad (0ms)
				EditorAssembliesLoaded (0ms)
			ExecutionOrderSort2 (0ms)
			AwakeInstancesAfterBackupRestoration (0ms)
Platform modules already initialized, skipping
Registering precompiled user dll's ...
Registered in 0.033690 seconds.
Begin MonoManager ReloadAssembly
Symbol file LoadedFromMemory doesn't match image C:\Portfolio2[Repo]\Project-Zero\Project-Zero\Project Zero\Library\PackageCache\com.unity.visualscripting@1.7.8\Editor\VisualScripting.Core\Dependencies\YamlDotNet\Unity.VisualScripting.YamlDotNet.dll
Symbol file LoadedFromMemory doesn't match image C:\Portfolio2[Repo]\Project-Zero\Project-Zero\Project Zero\Library\PackageCache\com.unity.visualscripting@1.7.8\Editor\VisualScripting.Core\Dependencies\DotNetZip\Unity.VisualScripting.IonicZip.dll
Native extension for WindowsStandalone target not found
Native extension for WebGL target not found
Refreshing native plugins compatible for Editor in 4.83 ms, found 3 plugins.
Preloading 0 native plugins for Editor in 0.00 ms.
Mono: successfully reloaded assembly
- Completed reload, in  4.933 seconds
Domain Reload Profiling:
	ReloadAssembly (4934ms)
		BeginReloadAssembly (490ms)
			ExecutionOrderSort (0ms)
			DisableScriptedObjects (29ms)
			BackupInstance (0ms)
			ReleaseScriptingObjects (0ms)
			CreateAndSetChildDomain (81ms)
		EndReloadAssembly (3892ms)
			LoadAssemblies (377ms)
			RebuildTransferFunctionScriptingTraits (0ms)
			SetupTypeCache (1351ms)
			ReleaseScriptCaches (2ms)
			RebuildScriptCaches (256ms)
			SetupLoadedEditorAssemblies (1737ms)
				LogAssemblyErrors (0ms)
				InitializePlatformSupportModulesInManaged (28ms)
				SetLoadedEditorAssemblies (2ms)
				RefreshPlugins (5ms)
				BeforeProcessingInitializeOnLoad (473ms)
				ProcessInitializeOnLoadAttributes (1092ms)
				ProcessInitializeOnLoadMethodAttributes (107ms)
				AfterProcessingInitializeOnLoad (29ms)
				EditorAssembliesLoaded (1ms)
			ExecutionOrderSort2 (0ms)
			AwakeInstancesAfterBackupRestoration (16ms)
Platform modules already initialized, skipping
========================================================================
Worker process is ready to serve import requests
Launched and connected shader compiler UnityShaderCompiler.exe after 0.11 seconds
Refreshing native plugins compatible for Editor in 2.19 ms, found 3 plugins.
Preloading 0 native plugins for Editor in 0.00 ms.
Unloading 3793 Unused Serialized files (Serialized files now loaded: 0)
Unloading 28 unused Assets / (147.1 KB). Loaded Objects now: 4256.
Memory consumption went from 138.1 MB to 137.9 MB.
Total: 10.988500 ms (FindLiveObjects: 0.692300 ms CreateObjectMapping: 0.604000 ms MarkObjects: 9.464900 ms  DeleteObjects: 0.225200 ms)

AssetImportParameters requested are different than current active one (requested -> active):
  custom:video-decoder-ogg-theora: a1e56fd34408186e4bbccfd4996cb3dc -> 
  custom:container-muxer-webm: aa71ff27fc2769a1b78a27578f13a17b -> 
  custom:container-demuxer-webm: 4f35f7cbe854078d1ac9338744f61a02 -> 
  custom:video-encoder-webm-vp8: eb34c28f22e8b96e1ab97ce403110664 -> 
  custom:audio-encoder-webm-vorbis: bf7c407c2cedff20999df2af8eb42d56 -> 
  custom:framework-win-MediaFoundation: 216162199b28c13a410421893ffa2e32 -> 
  custom:container-demuxer-ogg: 62fdf1f143b41e24485cea50d1cbac27 -> 
  custom:video-decoder-webm-vp8: 9c59270c3fd7afecdb556c50c9e8de78 -> 
  custom:audio-decoder-ogg-vorbis: bf7c407c2cedff20999df2af8eb42d56 -> 
========================================================================
Received Import Request.
  Time since last request: 3298361.267342 seconds.
  path: Assets/Scenes/SampleScene/NavMesh.asset
  artifactKey: Guid(b2134c8518bc18245b34119172936fa3) Importer(815301076,1909f56bfc062723c751e8b465ee728b)
Start importing Assets/Scenes/SampleScene/NavMesh.asset using Guid(b2134c8518bc18245b34119172936fa3) Importer(815301076,1909f56bfc062723c751e8b465ee728b)  -> (artifact id: '97106b3bc4c4e1a2f81ae4143d3f0513') in 0.132149 seconds 
========================================================================
Received Import Request.
  Time since last request: 295.165526 seconds.
  path: Assets/PreFabs/CORETRIGGER.prefab
  artifactKey: Guid(fcfb02361326682469142848b2ab8d80) Importer(815301076,1909f56bfc062723c751e8b465ee728b)
Start importing Assets/PreFabs/CORETRIGGER.prefab using Guid(fcfb02361326682469142848b2ab8d80) Importer(815301076,1909f56bfc062723c751e8b465ee728b)  -> (artifact id: 'd59accbfb7bb42651a420e793c4b9cc2') in 0.910998 seconds 
========================================================================
Received Import Request.
  Time since last request: 0.000089 seconds.
  path: Assets/PreFabs/gunPickup - Rifle.prefab
  artifactKey: Guid(a2d4b35accc657c448380d124df08a8b) Importer(815301076,1909f56bfc062723c751e8b465ee728b)
Start importing Assets/PreFabs/gunPickup - Rifle.prefab using Guid(a2d4b35accc657c448380d124df08a8b) Importer(815301076,1909f56bfc062723c751e8b465ee728b)  -> (artifact id: '18ed1024fea1560a65a76b7d261f560b') in 0.218025 seconds 
========================================================================
Received Import Request.
  Time since last request: 0.000092 seconds.
  path: Assets/PreFabs/Floor.prefab
  artifactKey: Guid(167d4161c139e654980fe8374bf0dd48) Importer(815301076,1909f56bfc062723c751e8b465ee728b)
Start importing Assets/PreFabs/Floor.prefab using Guid(167d4161c139e654980fe8374bf0dd48) Importer(815301076,1909f56bfc062723c751e8b465ee728b)  -> (artifact id: '8e68175c9ae67b2b86cfcffa24346f51') in 0.056076 seconds 
========================================================================
Received Import Request.
  Time since last request: 1.103623 seconds.
  path: Assets/PreFabs/gunPickup - Shotgun.prefab
  artifactKey: Guid(5883e6c4db545c940a0e3e3c7f570a9f) Importer(815301076,1909f56bfc062723c751e8b465ee728b)
Start importing Assets/PreFabs/gunPickup - Shotgun.prefab using Guid(5883e6c4db545c940a0e3e3c7f570a9f) Importer(815301076,1909f56bfc062723c751e8b465ee728b)  -> (artifact id: '02905320e043acff2519b6a631747e86') in 0.135384 seconds 
========================================================================
Received Import Request.
  Time since last request: 0.000067 seconds.
  path: Assets/PreFabs/GunStat - ShotGun.asset
  artifactKey: Guid(87063487886d2264487145045d35b299) Importer(815301076,1909f56bfc062723c751e8b465ee728b)
Start importing Assets/PreFabs/GunStat - ShotGun.asset using Guid(87063487886d2264487145045d35b299) Importer(815301076,1909f56bfc062723c751e8b465ee728b)  -> (artifact id: 'ca7f4734afd1bbf649e997b360b37059') in 0.026656 seconds 
========================================================================
Received Prepare
Registering precompiled user dll's ...
Registered in 0.024325 seconds.
Begin MonoManager ReloadAssembly
Symbol file LoadedFromMemory doesn't match image C:\Portfolio2[Repo]\Project-Zero\Project-Zero\Project Zero\Library\PackageCache\com.unity.visualscripting@1.7.8\Editor\VisualScripting.Core\Dependencies\YamlDotNet\Unity.VisualScripting.YamlDotNet.dll
Symbol file LoadedFromMemory doesn't match image C:\Portfolio2[Repo]\Project-Zero\Project-Zero\Project Zero\Library\PackageCache\com.unity.visualscripting@1.7.8\Editor\VisualScripting.Core\Dependencies\DotNetZip\Unity.VisualScripting.IonicZip.dll
Native extension for WindowsStandalone target not found
Native extension for WebGL target not found
Refreshing native plugins compatible for Editor in 2.79 ms, found 3 plugins.
Preloading 0 native plugins for Editor in 0.00 ms.
Mono: successfully reloaded assembly
- Completed reload, in  4.593 seconds
Domain Reload Profiling:
	ReloadAssembly (4596ms)
		BeginReloadAssembly (554ms)
			ExecutionOrderSort (0ms)
			DisableScriptedObjects (30ms)
			BackupInstance (0ms)
			ReleaseScriptingObjects (0ms)
			CreateAndSetChildDomain (146ms)
		EndReloadAssembly (3561ms)
			LoadAssemblies (348ms)
			RebuildTransferFunctionScriptingTraits (0ms)
			SetupTypeCache (1216ms)
			ReleaseScriptCaches (6ms)
			RebuildScriptCaches (173ms)
			SetupLoadedEditorAssemblies (1653ms)
				LogAssemblyErrors (0ms)
				InitializePlatformSupportModulesInManaged (71ms)
				SetLoadedEditorAssemblies (2ms)
				RefreshPlugins (3ms)
				BeforeProcessingInitializeOnLoad (376ms)
				ProcessInitializeOnLoadAttributes (1037ms)
				ProcessInitializeOnLoadMethodAttributes (118ms)
				AfterProcessingInitializeOnLoad (45ms)
				EditorAssembliesLoaded (1ms)
			ExecutionOrderSort2 (0ms)
			AwakeInstancesAfterBackupRestoration (24ms)
Platform modules already initialized, skipping
Refreshing native plugins compatible for Editor in 8.02 ms, found 3 plugins.
Preloading 0 native plugins for Editor in 0.00 ms.
Unloading 3756 Unused Serialized files (Serialized files now loaded: 0)
Unloading 21 unused Assets / (115.3 KB). Loaded Objects now: 4270.
Memory consumption went from 139.2 MB to 139.1 MB.
Total: 10.587800 ms (FindLiveObjects: 0.270400 ms CreateObjectMapping: 0.099700 ms MarkObjects: 9.864300 ms  DeleteObjects: 0.351900 ms)

AssetImportParameters requested are different than current active one (requested -> active):
  custom:video-decoder-ogg-theora: a1e56fd34408186e4bbccfd4996cb3dc -> 
  custom:container-muxer-webm: aa71ff27fc2769a1b78a27578f13a17b -> 
  custom:container-demuxer-webm: 4f35f7cbe854078d1ac9338744f61a02 -> 
  custom:video-encoder-webm-vp8: eb34c28f22e8b96e1ab97ce403110664 -> 
  custom:audio-encoder-webm-vorbis: bf7c407c2cedff20999df2af8eb42d56 -> 
  custom:framework-win-MediaFoundation: 216162199b28c13a410421893ffa2e32 -> 
  custom:container-demuxer-ogg: 62fdf1f143b41e24485cea50d1cbac27 -> 
  custom:video-decoder-webm-vp8: 9c59270c3fd7afecdb556c50c9e8de78 -> 
  custom:audio-decoder-ogg-vorbis: bf7c407c2cedff20999df2af8eb42d56 -> 
========================================================================
Received Prepare
Registering precompiled user dll's ...
Registered in 0.024376 seconds.
Begin MonoManager ReloadAssembly
Symbol file LoadedFromMemory doesn't match image C:\Portfolio2[Repo]\Project-Zero\Project-Zero\Project Zero\Library\PackageCache\com.unity.visualscripting@1.7.8\Editor\VisualScripting.Core\Dependencies\YamlDotNet\Unity.VisualScripting.YamlDotNet.dll
Symbol file LoadedFromMemory doesn't match image C:\Portfolio2[Repo]\Project-Zero\Project-Zero\Project Zero\Library\PackageCache\com.unity.visualscripting@1.7.8\Editor\VisualScripting.Core\Dependencies\DotNetZip\Unity.VisualScripting.IonicZip.dll
Native extension for WindowsStandalone target not found
Native extension for WebGL target not found
Refreshing native plugins compatible for Editor in 2.18 ms, found 3 plugins.
Preloading 0 native plugins for Editor in 0.00 ms.
Mono: successfully reloaded assembly
- Completed reload, in  4.592 seconds
Domain Reload Profiling:
	ReloadAssembly (4595ms)
		BeginReloadAssembly (567ms)
			ExecutionOrderSort (0ms)
			DisableScriptedObjects (25ms)
			BackupInstance (0ms)
			ReleaseScriptingObjects (0ms)
			CreateAndSetChildDomain (167ms)
		EndReloadAssembly (3585ms)
			LoadAssemblies (336ms)
			RebuildTransferFunctionScriptingTraits (0ms)
			SetupTypeCache (1254ms)
			ReleaseScriptCaches (5ms)
			RebuildScriptCaches (184ms)
			SetupLoadedEditorAssemblies (1609ms)
				LogAssemblyErrors (0ms)
				InitializePlatformSupportModulesInManaged (63ms)
				SetLoadedEditorAssemblies (3ms)
				RefreshPlugins (2ms)
				BeforeProcessingInitializeOnLoad (341ms)
				ProcessInitializeOnLoadAttributes (1049ms)
				ProcessInitializeOnLoadMethodAttributes (114ms)
				AfterProcessingInitializeOnLoad (37ms)
				EditorAssembliesLoaded (1ms)
			ExecutionOrderSort2 (0ms)
			AwakeInstancesAfterBackupRestoration (25ms)
Platform modules already initialized, skipping
Refreshing native plugins compatible for Editor in 9.27 ms, found 3 plugins.
Preloading 0 native plugins for Editor in 0.00 ms.
Unloading 3756 Unused Serialized files (Serialized files now loaded: 0)
Unloading 21 unused Assets / (137.7 KB). Loaded Objects now: 4273.
Memory consumption went from 139.3 MB to 139.1 MB.
Total: 11.165100 ms (FindLiveObjects: 0.857200 ms CreateObjectMapping: 0.496000 ms MarkObjects: 9.408900 ms  DeleteObjects: 0.396700 ms)

AssetImportParameters requested are different than current active one (requested -> active):
  custom:video-decoder-ogg-theora: a1e56fd34408186e4bbccfd4996cb3dc -> 
  custom:container-muxer-webm: aa71ff27fc2769a1b78a27578f13a17b -> 
  custom:container-demuxer-webm: 4f35f7cbe854078d1ac9338744f61a02 -> 
  custom:video-encoder-webm-vp8: eb34c28f22e8b96e1ab97ce403110664 -> 
  custom:audio-encoder-webm-vorbis: bf7c407c2cedff20999df2af8eb42d56 -> 
  custom:framework-win-MediaFoundation: 216162199b28c13a410421893ffa2e32 -> 
  custom:container-demuxer-ogg: 62fdf1f143b41e24485cea50d1cbac27 -> 
  custom:video-decoder-webm-vp8: 9c59270c3fd7afecdb556c50c9e8de78 -> 
  custom:audio-decoder-ogg-vorbis: bf7c407c2cedff20999df2af8eb42d56 -> 
========================================================================
Received Import Request.
  Time since last request: 1641.756004 seconds.
  path: Assets/PreFabs/gunPickup - Pistol 1.prefab
  artifactKey: Guid(cdb6ec3996e416e4b99eb9d0cfac267b) Importer(815301076,1909f56bfc062723c751e8b465ee728b)
Start importing Assets/PreFabs/gunPickup - Pistol 1.prefab using Guid(cdb6ec3996e416e4b99eb9d0cfac267b) Importer(815301076,1909f56bfc062723c751e8b465ee728b)  -> (artifact id: '0c45f0f2a522702bb3b353a005a18164') in 0.326878 seconds 
========================================================================
Received Import Request.
  Time since last request: 1.340589 seconds.
  path: Assets/PreFabs/gunPickup - Pistol.prefab
  artifactKey: Guid(32ea270c06872e8488449ffe90b2b7cf) Importer(815301076,1909f56bfc062723c751e8b465ee728b)
Start importing Assets/PreFabs/gunPickup - Pistol.prefab using Guid(32ea270c06872e8488449ffe90b2b7cf) Importer(815301076,1909f56bfc062723c751e8b465ee728b)  -> (artifact id: '0936b99ecc3262812861150dacf386fd') in 0.051649 seconds 
========================================================================
Received Import Request.
  Time since last request: 6.855503 seconds.
  path: Assets/PreFabs/gunPickup - Uzi.prefab
  artifactKey: Guid(cdb6ec3996e416e4b99eb9d0cfac267b) Importer(815301076,1909f56bfc062723c751e8b465ee728b)
Start importing Assets/PreFabs/gunPickup - Uzi.prefab using Guid(cdb6ec3996e416e4b99eb9d0cfac267b) Importer(815301076,1909f56bfc062723c751e8b465ee728b)  -> (artifact id: '8da7150aa82bf6261a6565f5f3036357') in 0.053635 seconds 
========================================================================
Received Import Request.
  Time since last request: 1.712021 seconds.
  path: Assets/PreFabs/GunStat - Rifle.asset
  artifactKey: Guid(29ede450e1d77224ca6af8ac3e44213c) Importer(815301076,1909f56bfc062723c751e8b465ee728b)
Start importing Assets/PreFabs/GunStat - Rifle.asset using Guid(29ede450e1d77224ca6af8ac3e44213c) Importer(815301076,1909f56bfc062723c751e8b465ee728b)  -> (artifact id: '6a0146e6d9847f43bf692e02a6fb1283') in 0.027793 seconds 
========================================================================
Received Import Request.
  Time since last request: 0.573192 seconds.
  path: Assets/PreFabs/GunStat - Pistol.asset
  artifactKey: Guid(4d11183f8dd1f0b48aa4905ca5a2abf7) Importer(815301076,1909f56bfc062723c751e8b465ee728b)
Start importing Assets/PreFabs/GunStat - Pistol.asset using Guid(4d11183f8dd1f0b48aa4905ca5a2abf7) Importer(815301076,1909f56bfc062723c751e8b465ee728b)  -> (artifact id: '053af87a71c93b81e045320b53bc8c11') in 0.043249 seconds 
========================================================================
Received Import Request.
  Time since last request: 3.380180 seconds.
  path: Assets/PreFabs/GunStat - Pistol 1.asset
  artifactKey: Guid(b024ea667f890824b9169ebf8c871e19) Importer(815301076,1909f56bfc062723c751e8b465ee728b)
Start importing Assets/PreFabs/GunStat - Pistol 1.asset using Guid(b024ea667f890824b9169ebf8c871e19) Importer(815301076,1909f56bfc062723c751e8b465ee728b)  -> (artifact id: 'c67e7cdf183003927deaf3754c85b137') in 0.029154 seconds 
========================================================================
Received Import Request.
  Time since last request: 6.264416 seconds.
  path: Assets/PreFabs/GunStat - UZi.asset
  artifactKey: Guid(b024ea667f890824b9169ebf8c871e19) Importer(815301076,1909f56bfc062723c751e8b465ee728b)
Start importing Assets/PreFabs/GunStat - UZi.asset using Guid(b024ea667f890824b9169ebf8c871e19) Importer(815301076,1909f56bfc062723c751e8b465ee728b)  -> (artifact id: '7239ec96baf9208b9a9fa151f415b4ad') in 0.029956 seconds 
========================================================================
Received Import Request.
  Time since last request: 7.057678 seconds.
  path: Assets/PreFabs/GunStat - Uzi.asset
  artifactKey: Guid(b024ea667f890824b9169ebf8c871e19) Importer(815301076,1909f56bfc062723c751e8b465ee728b)
Start importing Assets/PreFabs/GunStat - Uzi.asset using Guid(b024ea667f890824b9169ebf8c871e19) Importer(815301076,1909f56bfc062723c751e8b465ee728b)  -> (artifact id: '331b96d52ef662a0fb3141c5e4d683f4') in 0.030239 seconds 
========================================================================
Received Import Request.
  Time since last request: 7.638731 seconds.
  path: Assets/PreFabs/gunPickup - Uzi.prefab
  artifactKey: Guid(cdb6ec3996e416e4b99eb9d0cfac267b) Importer(815301076,1909f56bfc062723c751e8b465ee728b)
Start importing Assets/PreFabs/gunPickup - Uzi.prefab using Guid(cdb6ec3996e416e4b99eb9d0cfac267b) Importer(815301076,1909f56bfc062723c751e8b465ee728b)  -> (artifact id: 'bd0d8dbf9203aa1f16121db8646f34de') in 0.038476 seconds 
========================================================================
Received Import Request.
  Time since last request: 99.273924 seconds.
  path: Assets/UnityStore stuff/ToonSoldiers_demo/texture/basic_soldier_blue.png
  artifactKey: Guid(84f44a829392d2143856f8d6f90328e8) Importer(815301076,1909f56bfc062723c751e8b465ee728b)
Start importing Assets/UnityStore stuff/ToonSoldiers_demo/texture/basic_soldier_blue.png using Guid(84f44a829392d2143856f8d6f90328e8) Importer(815301076,1909f56bfc062723c751e8b465ee728b)  -> (artifact id: 'a3df77ba0056af8f76351ac116b69a57') in 0.170738 seconds 
========================================================================
Received Prepare
Registering precompiled user dll's ...
Registered in 0.019644 seconds.
Begin MonoManager ReloadAssembly
Symbol file LoadedFromMemory doesn't match image C:\Portfolio2[Repo]\Project-Zero\Project-Zero\Project Zero\Library\PackageCache\com.unity.visualscripting@1.7.8\Editor\VisualScripting.Core\Dependencies\YamlDotNet\Unity.VisualScripting.YamlDotNet.dll
Symbol file LoadedFromMemory doesn't match image C:\Portfolio2[Repo]\Project-Zero\Project-Zero\Project Zero\Library\PackageCache\com.unity.visualscripting@1.7.8\Editor\VisualScripting.Core\Dependencies\DotNetZip\Unity.VisualScripting.IonicZip.dll
Native extension for WindowsStandalone target not found
Native extension for WebGL target not found
Refreshing native plugins compatible for Editor in 1.90 ms, found 3 plugins.
Preloading 0 native plugins for Editor in 0.00 ms.
Mono: successfully reloaded assembly
- Completed reload, in  4.464 seconds
Domain Reload Profiling:
	ReloadAssembly (4466ms)
		BeginReloadAssembly (537ms)
			ExecutionOrderSort (0ms)
			DisableScriptedObjects (20ms)
			BackupInstance (0ms)
			ReleaseScriptingObjects (0ms)
			CreateAndSetChildDomain (147ms)
		EndReloadAssembly (3460ms)
			LoadAssemblies (365ms)
			RebuildTransferFunctionScriptingTraits (0ms)
			SetupTypeCache (1125ms)
			ReleaseScriptCaches (6ms)
			RebuildScriptCaches (193ms)
			SetupLoadedEditorAssemblies (1599ms)
				LogAssemblyErrors (0ms)
				InitializePlatformSupportModulesInManaged (78ms)
				SetLoadedEditorAssemblies (2ms)
				RefreshPlugins (2ms)
				BeforeProcessingInitializeOnLoad (363ms)
				ProcessInitializeOnLoadAttributes (1000ms)
				ProcessInitializeOnLoadMethodAttributes (115ms)
				AfterProcessingInitializeOnLoad (37ms)
				EditorAssembliesLoaded (1ms)
			ExecutionOrderSort2 (0ms)
			AwakeInstancesAfterBackupRestoration (25ms)
Platform modules already initialized, skipping
Refreshing native plugins compatible for Editor in 8.48 ms, found 3 plugins.
Preloading 0 native plugins for Editor in 0.00 ms.
Unloading 3756 Unused Serialized files (Serialized files now loaded: 0)
Unloading 21 unused Assets / (130.3 KB). Loaded Objects now: 4278.
Memory consumption went from 139.3 MB to 139.2 MB.
Total: 10.855100 ms (FindLiveObjects: 0.783500 ms CreateObjectMapping: 0.649200 ms MarkObjects: 8.977700 ms  DeleteObjects: 0.441000 ms)

AssetImportParameters requested are different than current active one (requested -> active):
  custom:video-decoder-ogg-theora: a1e56fd34408186e4bbccfd4996cb3dc -> 
  custom:container-muxer-webm: aa71ff27fc2769a1b78a27578f13a17b -> 
  custom:container-demuxer-webm: 4f35f7cbe854078d1ac9338744f61a02 -> 
  custom:video-encoder-webm-vp8: eb34c28f22e8b96e1ab97ce403110664 -> 
  custom:audio-encoder-webm-vorbis: bf7c407c2cedff20999df2af8eb42d56 -> 
  custom:framework-win-MediaFoundation: 216162199b28c13a410421893ffa2e32 -> 
  custom:container-demuxer-ogg: 62fdf1f143b41e24485cea50d1cbac27 -> 
  custom:video-decoder-webm-vp8: 9c59270c3fd7afecdb556c50c9e8de78 -> 
  custom:audio-decoder-ogg-vorbis: bf7c407c2cedff20999df2af8eb42d56 -> 
========================================================================
Received Prepare
Registering precompiled user dll's ...
Registered in 0.030740 seconds.
Begin MonoManager ReloadAssembly
Symbol file LoadedFromMemory doesn't match image C:\Portfolio2[Repo]\Project-Zero\Project-Zero\Project Zero\Library\PackageCache\com.unity.visualscripting@1.7.8\Editor\VisualScripting.Core\Dependencies\YamlDotNet\Unity.VisualScripting.YamlDotNet.dll
Symbol file LoadedFromMemory doesn't match image C:\Portfolio2[Repo]\Project-Zero\Project-Zero\Project Zero\Library\PackageCache\com.unity.visualscripting@1.7.8\Editor\VisualScripting.Core\Dependencies\DotNetZip\Unity.VisualScripting.IonicZip.dll
Native extension for WindowsStandalone target not found
Native extension for WebGL target not found
Refreshing native plugins compatible for Editor in 1.76 ms, found 3 plugins.
Preloading 0 native plugins for Editor in 0.00 ms.
Mono: successfully reloaded assembly
- Completed reload, in  4.480 seconds
Domain Reload Profiling:
	ReloadAssembly (4482ms)
		BeginReloadAssembly (524ms)
			ExecutionOrderSort (0ms)
			DisableScriptedObjects (18ms)
			BackupInstance (0ms)
			ReleaseScriptingObjects (0ms)
			CreateAndSetChildDomain (113ms)
		EndReloadAssembly (3472ms)
			LoadAssemblies (370ms)
			RebuildTransferFunctionScriptingTraits (0ms)
			SetupTypeCache (1161ms)
			ReleaseScriptCaches (5ms)
			RebuildScriptCaches (180ms)
			SetupLoadedEditorAssemblies (1599ms)
				LogAssemblyErrors (0ms)
				InitializePlatformSupportModulesInManaged (57ms)
				SetLoadedEditorAssemblies (2ms)
				RefreshPlugins (2ms)
				BeforeProcessingInitializeOnLoad (369ms)
				ProcessInitializeOnLoadAttributes (1000ms)
				ProcessInitializeOnLoadMethodAttributes (131ms)
				AfterProcessingInitializeOnLoad (38ms)
				EditorAssembliesLoaded (1ms)
			ExecutionOrderSort2 (0ms)
			AwakeInstancesAfterBackupRestoration (27ms)
Platform modules already initialized, skipping
Refreshing native plugins compatible for Editor in 5.29 ms, found 3 plugins.
Preloading 0 native plugins for Editor in 0.00 ms.
Unloading 3756 Unused Serialized files (Serialized files now loaded: 0)
Unloading 21 unused Assets / (115.1 KB). Loaded Objects now: 4281.
Memory consumption went from 139.3 MB to 139.2 MB.
Total: 8.244300 ms (FindLiveObjects: 0.610500 ms CreateObjectMapping: 0.258100 ms MarkObjects: 7.189800 ms  DeleteObjects: 0.184000 ms)

AssetImportParameters requested are different than current active one (requested -> active):
  custom:video-decoder-ogg-theora: a1e56fd34408186e4bbccfd4996cb3dc -> 
  custom:container-muxer-webm: aa71ff27fc2769a1b78a27578f13a17b -> 
  custom:container-demuxer-webm: 4f35f7cbe854078d1ac9338744f61a02 -> 
  custom:video-encoder-webm-vp8: eb34c28f22e8b96e1ab97ce403110664 -> 
  custom:audio-encoder-webm-vorbis: bf7c407c2cedff20999df2af8eb42d56 -> 
  custom:framework-win-MediaFoundation: 216162199b28c13a410421893ffa2e32 -> 
  custom:container-demuxer-ogg: 62fdf1f143b41e24485cea50d1cbac27 -> 
  custom:video-decoder-webm-vp8: 9c59270c3fd7afecdb556c50c9e8de78 -> 
  custom:audio-decoder-ogg-vorbis: bf7c407c2cedff20999df2af8eb42d56 -> 
========================================================================
Received Import Request.
  Time since last request: 287.060889 seconds.
  path: Assets/PreFabs/GunStat - Rifle Semi.asset
  artifactKey: Guid(3d722a591a4c7fe4187de38ba56eb3c1) Importer(815301076,1909f56bfc062723c751e8b465ee728b)
Start importing Assets/PreFabs/GunStat - Rifle Semi.asset using Guid(3d722a591a4c7fe4187de38ba56eb3c1) Importer(815301076,1909f56bfc062723c751e8b465ee728b)  -> (artifact id: '3375756b3bdd1b20a769fd9e4cd2d527') in 0.096052 seconds 
========================================================================
Received Prepare
Registering precompiled user dll's ...
Registered in 0.022965 seconds.
Begin MonoManager ReloadAssembly
Symbol file LoadedFromMemory doesn't match image C:\Portfolio2[Repo]\Project-Zero\Project-Zero\Project Zero\Library\PackageCache\com.unity.visualscripting@1.7.8\Editor\VisualScripting.Core\Dependencies\YamlDotNet\Unity.VisualScripting.YamlDotNet.dll
Symbol file LoadedFromMemory doesn't match image C:\Portfolio2[Repo]\Project-Zero\Project-Zero\Project Zero\Library\PackageCache\com.unity.visualscripting@1.7.8\Editor\VisualScripting.Core\Dependencies\DotNetZip\Unity.VisualScripting.IonicZip.dll
Native extension for WindowsStandalone target not found
Native extension for WebGL target not found
Refreshing native plugins compatible for Editor in 1.96 ms, found 3 plugins.
Preloading 0 native plugins for Editor in 0.00 ms.
Mono: successfully reloaded assembly
- Completed reload, in  4.394 seconds
Domain Reload Profiling:
	ReloadAssembly (4396ms)
		BeginReloadAssembly (504ms)
			ExecutionOrderSort (0ms)
			DisableScriptedObjects (19ms)
			BackupInstance (0ms)
			ReleaseScriptingObjects (0ms)
			CreateAndSetChildDomain (130ms)
		EndReloadAssembly (3421ms)
			LoadAssemblies (349ms)
			RebuildTransferFunctionScriptingTraits (0ms)
			SetupTypeCache (1163ms)
			ReleaseScriptCaches (5ms)
			RebuildScriptCaches (182ms)
			SetupLoadedEditorAssemblies (1530ms)
				LogAssemblyErrors (0ms)
				InitializePlatformSupportModulesInManaged (59ms)
				SetLoadedEditorAssemblies (2ms)
				RefreshPlugins (2ms)
				BeforeProcessingInitializeOnLoad (349ms)
				ProcessInitializeOnLoadAttributes (965ms)
				ProcessInitializeOnLoadMethodAttributes (110ms)
				AfterProcessingInitializeOnLoad (43ms)
				EditorAssembliesLoaded (1ms)
			ExecutionOrderSort2 (0ms)
			AwakeInstancesAfterBackupRestoration (25ms)
Platform modules already initialized, skipping
Refreshing native plugins compatible for Editor in 8.51 ms, found 3 plugins.
Preloading 0 native plugins for Editor in 0.00 ms.
Unloading 3756 Unused Serialized files (Serialized files now loaded: 0)
Unloading 21 unused Assets / (115.1 KB). Loaded Objects now: 4284.
Memory consumption went from 139.3 MB to 139.2 MB.
Total: 6.286700 ms (FindLiveObjects: 0.530300 ms CreateObjectMapping: 0.255100 ms MarkObjects: 5.127300 ms  DeleteObjects: 0.370400 ms)

AssetImportParameters requested are different than current active one (requested -> active):
  custom:video-decoder-ogg-theora: a1e56fd34408186e4bbccfd4996cb3dc -> 
  custom:container-muxer-webm: aa71ff27fc2769a1b78a27578f13a17b -> 
  custom:container-demuxer-webm: 4f35f7cbe854078d1ac9338744f61a02 -> 
  custom:video-encoder-webm-vp8: eb34c28f22e8b96e1ab97ce403110664 -> 
  custom:audio-encoder-webm-vorbis: bf7c407c2cedff20999df2af8eb42d56 -> 
  custom:framework-win-MediaFoundation: 216162199b28c13a410421893ffa2e32 -> 
  custom:container-demuxer-ogg: 62fdf1f143b41e24485cea50d1cbac27 -> 
  custom:video-decoder-webm-vp8: 9c59270c3fd7afecdb556c50c9e8de78 -> 
  custom:audio-decoder-ogg-vorbis: bf7c407c2cedff20999df2af8eb42d56 -> 
========================================================================
Received Import Request.
  Time since last request: 36.472334 seconds.
  path: Assets/PreFabs/gunPickup - Rifle.prefab
  artifactKey: Guid(a2d4b35accc657c448380d124df08a8b) Importer(815301076,1909f56bfc062723c751e8b465ee728b)
Start importing Assets/PreFabs/gunPickup - Rifle.prefab using Guid(a2d4b35accc657c448380d124df08a8b) Importer(815301076,1909f56bfc062723c751e8b465ee728b)  -> (artifact id: '2e5bdbec3cc41c2bf0620bea0b6d8072') in 0.277378 seconds 
========================================================================
Received Import Request.
  Time since last request: 13.521403 seconds.
  path: Assets/PreFabs/gunPickup - Shotgun.prefab
  artifactKey: Guid(5883e6c4db545c940a0e3e3c7f570a9f) Importer(815301076,1909f56bfc062723c751e8b465ee728b)
Start importing Assets/PreFabs/gunPickup - Shotgun.prefab using Guid(5883e6c4db545c940a0e3e3c7f570a9f) Importer(815301076,1909f56bfc062723c751e8b465ee728b)  -> (artifact id: 'c5484dfa3c2d7b30c9a21d41d146ad4d') in 0.050695 seconds 
========================================================================
Received Import Request.
  Time since last request: 4.314967 seconds.
  path: Assets/PreFabs/gunPickup - Rifle.prefab
  artifactKey: Guid(a2d4b35accc657c448380d124df08a8b) Importer(815301076,1909f56bfc062723c751e8b465ee728b)
Start importing Assets/PreFabs/gunPickup - Rifle.prefab using Guid(a2d4b35accc657c448380d124df08a8b) Importer(815301076,1909f56bfc062723c751e8b465ee728b)  -> (artifact id: '82a91b18d11d780fbc60a2a43f5b0537') in 0.097085 seconds 
========================================================================
Received Import Request.
  Time since last request: 0.605438 seconds.
  path: Assets/PreFabs/gunPickup - Rifle.prefab
  artifactKey: Guid(a2d4b35accc657c448380d124df08a8b) Importer(815301076,1909f56bfc062723c751e8b465ee728b)
Start importing Assets/PreFabs/gunPickup - Rifle.prefab using Guid(a2d4b35accc657c448380d124df08a8b) Importer(815301076,1909f56bfc062723c751e8b465ee728b)  -> (artifact id: '4f1818c6853371302b5f599314025569') in 0.044910 seconds 
========================================================================
Received Import Request.
  Time since last request: 1.526037 seconds.
  path: Assets/PreFabs/gunPickup - Rifle.prefab
  artifactKey: Guid(a2d4b35accc657c448380d124df08a8b) Importer(815301076,1909f56bfc062723c751e8b465ee728b)
Start importing Assets/PreFabs/gunPickup - Rifle.prefab using Guid(a2d4b35accc657c448380d124df08a8b) Importer(815301076,1909f56bfc062723c751e8b465ee728b)  -> (artifact id: 'ce5b85324397250452fd80c4d0d6b3f5') in 0.078891 seconds 
========================================================================
Received Import Request.
  Time since last request: 20.425896 seconds.
  path: Assets/PreFabs/gunPickup - Pistol.prefab
  artifactKey: Guid(32ea270c06872e8488449ffe90b2b7cf) Importer(815301076,1909f56bfc062723c751e8b465ee728b)
Start importing Assets/PreFabs/gunPickup - Pistol.prefab using Guid(32ea270c06872e8488449ffe90b2b7cf) Importer(815301076,1909f56bfc062723c751e8b465ee728b)  -> (artifact id: 'b97cad7808bbeb093a67113a7b132290') in 0.055328 seconds 
========================================================================
Received Import Request.
  Time since last request: 1.859656 seconds.
  path: Assets/PreFabs/gunPickup - Rifle Semi.prefab
  artifactKey: Guid(e3f7d3da4969c5f489410152ef8afd9b) Importer(815301076,1909f56bfc062723c751e8b465ee728b)
Start importing Assets/PreFabs/gunPickup - Rifle Semi.prefab using Guid(e3f7d3da4969c5f489410152ef8afd9b) Importer(815301076,1909f56bfc062723c751e8b465ee728b)  -> (artifact id: 'e91fa14d6081881aece86aee4ee80ebb') in 0.047883 seconds 
========================================================================
Received Import Request.
  Time since last request: 3.608306 seconds.
  path: Assets/PreFabs/gunPickup - Uzi.prefab
  artifactKey: Guid(cdb6ec3996e416e4b99eb9d0cfac267b) Importer(815301076,1909f56bfc062723c751e8b465ee728b)
Start importing Assets/PreFabs/gunPickup - Uzi.prefab using Guid(cdb6ec3996e416e4b99eb9d0cfac267b) Importer(815301076,1909f56bfc062723c751e8b465ee728b)  -> (artifact id: '3b525d0ce39ce9303964ca40cdaaefbb') in 0.053737 seconds 
========================================================================
Received Import Request.
  Time since last request: 6.006682 seconds.
  path: Assets/PreFabs/gunPickup - Shotgun.prefab
  artifactKey: Guid(5883e6c4db545c940a0e3e3c7f570a9f) Importer(815301076,1909f56bfc062723c751e8b465ee728b)
Start importing Assets/PreFabs/gunPickup - Shotgun.prefab using Guid(5883e6c4db545c940a0e3e3c7f570a9f) Importer(815301076,1909f56bfc062723c751e8b465ee728b)  -> (artifact id: 'fafcc8135e70904f419b51fcd5cf0959') in 0.041807 seconds 
========================================================================
Received Prepare
Registering precompiled user dll's ...
Registered in 0.025718 seconds.
Begin MonoManager ReloadAssembly
Symbol file LoadedFromMemory doesn't match image C:\Portfolio2[Repo]\Project-Zero\Project-Zero\Project Zero\Library\PackageCache\com.unity.visualscripting@1.7.8\Editor\VisualScripting.Core\Dependencies\YamlDotNet\Unity.VisualScripting.YamlDotNet.dll
Symbol file LoadedFromMemory doesn't match image C:\Portfolio2[Repo]\Project-Zero\Project-Zero\Project Zero\Library\PackageCache\com.unity.visualscripting@1.7.8\Editor\VisualScripting.Core\Dependencies\DotNetZip\Unity.VisualScripting.IonicZip.dll
Native extension for WindowsStandalone target not found
Native extension for WebGL target not found
Refreshing native plugins compatible for Editor in 2.91 ms, found 3 plugins.
Preloading 0 native plugins for Editor in 0.00 ms.
Mono: successfully reloaded assembly
- Completed reload, in  4.484 seconds
Domain Reload Profiling:
	ReloadAssembly (4487ms)
		BeginReloadAssembly (516ms)
			ExecutionOrderSort (0ms)
			DisableScriptedObjects (24ms)
			BackupInstance (0ms)
			ReleaseScriptingObjects (0ms)
			CreateAndSetChildDomain (113ms)
		EndReloadAssembly (3506ms)
			LoadAssemblies (360ms)
			RebuildTransferFunctionScriptingTraits (0ms)
			SetupTypeCache (1205ms)
			ReleaseScriptCaches (6ms)
			RebuildScriptCaches (179ms)
			SetupLoadedEditorAssemblies (1585ms)
				LogAssemblyErrors (0ms)
				InitializePlatformSupportModulesInManaged (64ms)
				SetLoadedEditorAssemblies (3ms)
				RefreshPlugins (3ms)
				BeforeProcessingInitializeOnLoad (331ms)
				ProcessInitializeOnLoadAttributes (1019ms)
				ProcessInitializeOnLoadMethodAttributes (124ms)
				AfterProcessingInitializeOnLoad (40ms)
				EditorAssembliesLoaded (1ms)
			ExecutionOrderSort2 (0ms)
			AwakeInstancesAfterBackupRestoration (24ms)
Platform modules already initialized, skipping
Refreshing native plugins compatible for Editor in 7.68 ms, found 3 plugins.
Preloading 0 native plugins for Editor in 0.00 ms.
Unloading 3756 Unused Serialized files (Serialized files now loaded: 0)
Unloading 21 unused Assets / (115.2 KB). Loaded Objects now: 4287.
Memory consumption went from 139.3 MB to 139.2 MB.
Total: 7.042700 ms (FindLiveObjects: 0.355300 ms CreateObjectMapping: 0.205800 ms MarkObjects: 6.163000 ms  DeleteObjects: 0.316000 ms)

AssetImportParameters requested are different than current active one (requested -> active):
  custom:video-decoder-ogg-theora: a1e56fd34408186e4bbccfd4996cb3dc -> 
  custom:container-muxer-webm: aa71ff27fc2769a1b78a27578f13a17b -> 
  custom:container-demuxer-webm: 4f35f7cbe854078d1ac9338744f61a02 -> 
  custom:video-encoder-webm-vp8: eb34c28f22e8b96e1ab97ce403110664 -> 
  custom:audio-encoder-webm-vorbis: bf7c407c2cedff20999df2af8eb42d56 -> 
  custom:framework-win-MediaFoundation: 216162199b28c13a410421893ffa2e32 -> 
  custom:container-demuxer-ogg: 62fdf1f143b41e24485cea50d1cbac27 -> 
  custom:video-decoder-webm-vp8: 9c59270c3fd7afecdb556c50c9e8de78 -> 
  custom:audio-decoder-ogg-vorbis: bf7c407c2cedff20999df2af8eb42d56 -> 
========================================================================
Received Import Request.
  Time since last request: 50.965928 seconds.
  path: Assets/PreFabs/GunStat - ShotGun.asset
  artifactKey: Guid(87063487886d2264487145045d35b299) Importer(815301076,1909f56bfc062723c751e8b465ee728b)
Start importing Assets/PreFabs/GunStat - ShotGun.asset using Guid(87063487886d2264487145045d35b299) Importer(815301076,1909f56bfc062723c751e8b465ee728b)  -> (artifact id: 'fe13f3cc2d3e2c2b503e24b019b2c0fe') in 0.074052 seconds 
========================================================================
Received Prepare
Registering precompiled user dll's ...
Registered in 0.025956 seconds.
Begin MonoManager ReloadAssembly
Symbol file LoadedFromMemory doesn't match image C:\Portfolio2[Repo]\Project-Zero\Project-Zero\Project Zero\Library\PackageCache\com.unity.visualscripting@1.7.8\Editor\VisualScripting.Core\Dependencies\YamlDotNet\Unity.VisualScripting.YamlDotNet.dll
Symbol file LoadedFromMemory doesn't match image C:\Portfolio2[Repo]\Project-Zero\Project-Zero\Project Zero\Library\PackageCache\com.unity.visualscripting@1.7.8\Editor\VisualScripting.Core\Dependencies\DotNetZip\Unity.VisualScripting.IonicZip.dll
Native extension for WindowsStandalone target not found
Native extension for WebGL target not found
Refreshing native plugins compatible for Editor in 1.99 ms, found 3 plugins.
Preloading 0 native plugins for Editor in 0.00 ms.
Mono: successfully reloaded assembly
- Completed reload, in  4.474 seconds
Domain Reload Profiling:
	ReloadAssembly (4477ms)
		BeginReloadAssembly (541ms)
			ExecutionOrderSort (0ms)
			DisableScriptedObjects (28ms)
			BackupInstance (0ms)
			ReleaseScriptingObjects (0ms)
			CreateAndSetChildDomain (132ms)
		EndReloadAssembly (3457ms)
			LoadAssemblies (368ms)
			RebuildTransferFunctionScriptingTraits (0ms)
			SetupTypeCache (1148ms)
			ReleaseScriptCaches (6ms)
			RebuildScriptCaches (183ms)
			SetupLoadedEditorAssemblies (1565ms)
				LogAssemblyErrors (0ms)
				InitializePlatformSupportModulesInManaged (61ms)
				SetLoadedEditorAssemblies (2ms)
				RefreshPlugins (2ms)
				BeforeProcessingInitializeOnLoad (342ms)
				ProcessInitializeOnLoadAttributes (992ms)
				ProcessInitializeOnLoadMethodAttributes (125ms)
				AfterProcessingInitializeOnLoad (40ms)
				EditorAssembliesLoaded (1ms)
			ExecutionOrderSort2 (0ms)
			AwakeInstancesAfterBackupRestoration (27ms)
Platform modules already initialized, skipping
Refreshing native plugins compatible for Editor in 5.93 ms, found 3 plugins.
Preloading 0 native plugins for Editor in 0.00 ms.
Unloading 3756 Unused Serialized files (Serialized files now loaded: 0)
Unloading 21 unused Assets / (115.1 KB). Loaded Objects now: 4290.
Memory consumption went from 139.3 MB to 139.2 MB.
Total: 7.769300 ms (FindLiveObjects: 0.345800 ms CreateObjectMapping: 0.220800 ms MarkObjects: 6.887000 ms  DeleteObjects: 0.313500 ms)

AssetImportParameters requested are different than current active one (requested -> active):
  custom:video-decoder-ogg-theora: a1e56fd34408186e4bbccfd4996cb3dc -> 
  custom:container-muxer-webm: aa71ff27fc2769a1b78a27578f13a17b -> 
  custom:container-demuxer-webm: 4f35f7cbe854078d1ac9338744f61a02 -> 
  custom:video-encoder-webm-vp8: eb34c28f22e8b96e1ab97ce403110664 -> 
  custom:audio-encoder-webm-vorbis: bf7c407c2cedff20999df2af8eb42d56 -> 
  custom:framework-win-MediaFoundation: 216162199b28c13a410421893ffa2e32 -> 
  custom:container-demuxer-ogg: 62fdf1f143b41e24485cea50d1cbac27 -> 
  custom:video-decoder-webm-vp8: 9c59270c3fd7afecdb556c50c9e8de78 -> 
  custom:audio-decoder-ogg-vorbis: bf7c407c2cedff20999df2af8eb42d56 -> 
========================================================================
Received Import Request.
  Time since last request: 94.605923 seconds.
  path: Assets/PreFabs/GunStat - Rifle Semi 1.asset
  artifactKey: Guid(3c77860b6b555eb4f9953c261baf1fd1) Importer(815301076,1909f56bfc062723c751e8b465ee728b)
Start importing Assets/PreFabs/GunStat - Rifle Semi 1.asset using Guid(3c77860b6b555eb4f9953c261baf1fd1) Importer(815301076,1909f56bfc062723c751e8b465ee728b)  -> (artifact id: 'c16fc545ebaa6600b36919bb37f3dc6d') in 0.087583 seconds 
========================================================================
Received Import Request.
  Time since last request: 8.050448 seconds.
  path: Assets/PreFabs/GunStat - LMG.asset
  artifactKey: Guid(3c77860b6b555eb4f9953c261baf1fd1) Importer(815301076,1909f56bfc062723c751e8b465ee728b)
Start importing Assets/PreFabs/GunStat - LMG.asset using Guid(3c77860b6b555eb4f9953c261baf1fd1) Importer(815301076,1909f56bfc062723c751e8b465ee728b)  -> (artifact id: '68c7f2fdb88ce45c3bc25d05f73c4551') in 0.027365 seconds 
========================================================================
Received Import Request.
  Time since last request: 1.604386 seconds.
  path: Assets/PreFabs/gunPickup - Rifle Semi.prefab
  artifactKey: Guid(e3f7d3da4969c5f489410152ef8afd9b) Importer(815301076,1909f56bfc062723c751e8b465ee728b)
Start importing Assets/PreFabs/gunPickup - Rifle Semi.prefab using Guid(e3f7d3da4969c5f489410152ef8afd9b) Importer(815301076,1909f56bfc062723c751e8b465ee728b)  -> (artifact id: '290871109c26d22dd6279fc78ff7325a') in 0.236121 seconds 
========================================================================
Received Import Request.
  Time since last request: 1.178738 seconds.
  path: Assets/PreFabs/gunPickup - Rifle Semi 1.prefab
  artifactKey: Guid(33aeeb8940002e941b9baa52c13bba20) Importer(815301076,1909f56bfc062723c751e8b465ee728b)
Start importing Assets/PreFabs/gunPickup - Rifle Semi 1.prefab using Guid(33aeeb8940002e941b9baa52c13bba20) Importer(815301076,1909f56bfc062723c751e8b465ee728b)  -> (artifact id: 'a0477396e735194a4426ba34b2e3a555') in 0.059668 seconds 
========================================================================
Received Import Request.
  Time since last request: 5.253504 seconds.
  path: Assets/PreFabs/gunPickup - LMG.prefab
  artifactKey: Guid(33aeeb8940002e941b9baa52c13bba20) Importer(815301076,1909f56bfc062723c751e8b465ee728b)
Start importing Assets/PreFabs/gunPickup - LMG.prefab using Guid(33aeeb8940002e941b9baa52c13bba20) Importer(815301076,1909f56bfc062723c751e8b465ee728b)  -> (artifact id: '323dc5c8ca4ab1324c721e38c81a8144') in 0.039459 seconds 
========================================================================
Received Import Request.
  Time since last request: 3.324878 seconds.
  path: Assets/PreFabs/gunPickup - LMG.prefab
  artifactKey: Guid(33aeeb8940002e941b9baa52c13bba20) Importer(815301076,1909f56bfc062723c751e8b465ee728b)
Start importing Assets/PreFabs/gunPickup - LMG.prefab using Guid(33aeeb8940002e941b9baa52c13bba20) Importer(815301076,1909f56bfc062723c751e8b465ee728b)  -> (artifact id: '499b5fdbbc7d4503c0fbddf5d3586605') in 0.052254 seconds 
========================================================================
Received Import Request.
  Time since last request: 0.387820 seconds.
  path: Assets/PreFabs/gunPickup - LMG.prefab
  artifactKey: Guid(33aeeb8940002e941b9baa52c13bba20) Importer(815301076,1909f56bfc062723c751e8b465ee728b)
Start importing Assets/PreFabs/gunPickup - LMG.prefab using Guid(33aeeb8940002e941b9baa52c13bba20) Importer(815301076,1909f56bfc062723c751e8b465ee728b)  -> (artifact id: 'c9cd335a5babf49d5c54b4e8eabe8197') in 0.042512 seconds 
========================================================================
Received Import Request.
  Time since last request: 0.596108 seconds.
  path: Assets/PreFabs/gunPickup - LMG.prefab
  artifactKey: Guid(33aeeb8940002e941b9baa52c13bba20) Importer(815301076,1909f56bfc062723c751e8b465ee728b)
Start importing Assets/PreFabs/gunPickup - LMG.prefab using Guid(33aeeb8940002e941b9baa52c13bba20) Importer(815301076,1909f56bfc062723c751e8b465ee728b)  -> (artifact id: '6e3070eab69fd7c9610a1baeaa42f080') in 0.049535 seconds 
========================================================================
Received Import Request.
  Time since last request: 0.412311 seconds.
  path: Assets/PreFabs/gunPickup - LMG.prefab
  artifactKey: Guid(33aeeb8940002e941b9baa52c13bba20) Importer(815301076,1909f56bfc062723c751e8b465ee728b)
Start importing Assets/PreFabs/gunPickup - LMG.prefab using Guid(33aeeb8940002e941b9baa52c13bba20) Importer(815301076,1909f56bfc062723c751e8b465ee728b)  -> (artifact id: 'a510742d164eec323d03ad8c1a7da811') in 0.043085 seconds 
========================================================================
Received Import Request.
  Time since last request: 11.937236 seconds.
  path: Assets/PreFabs/gunPickup - LMG.prefab
  artifactKey: Guid(33aeeb8940002e941b9baa52c13bba20) Importer(815301076,1909f56bfc062723c751e8b465ee728b)
Start importing Assets/PreFabs/gunPickup - LMG.prefab using Guid(33aeeb8940002e941b9baa52c13bba20) Importer(815301076,1909f56bfc062723c751e8b465ee728b)  -> (artifact id: '9002091f4ea1de344de8facc19588731') in 0.032095 seconds 
========================================================================
Received Import Request.
  Time since last request: 10.665048 seconds.
  path: Assets/PreFabs/gunPickup - LMG.prefab
  artifactKey: Guid(33aeeb8940002e941b9baa52c13bba20) Importer(815301076,1909f56bfc062723c751e8b465ee728b)
Start importing Assets/PreFabs/gunPickup - LMG.prefab using Guid(33aeeb8940002e941b9baa52c13bba20) Importer(815301076,1909f56bfc062723c751e8b465ee728b)  -> (artifact id: '8b93bbe184de3607800a4f1c132c0e61') in 0.068885 seconds 
========================================================================
Received Import Request.
  Time since last request: 1.152131 seconds.
  path: Assets/PreFabs/gunPickup - LMG.prefab
  artifactKey: Guid(33aeeb8940002e941b9baa52c13bba20) Importer(815301076,1909f56bfc062723c751e8b465ee728b)
Start importing Assets/PreFabs/gunPickup - LMG.prefab using Guid(33aeeb8940002e941b9baa52c13bba20) Importer(815301076,1909f56bfc062723c751e8b465ee728b)  -> (artifact id: 'abe5bcceeacb277ad4d43c204655e55d') in 0.048395 seconds 
========================================================================
Received Import Request.
  Time since last request: 1.529179 seconds.
  path: Assets/PreFabs/gunPickup - LMG.prefab
  artifactKey: Guid(33aeeb8940002e941b9baa52c13bba20) Importer(815301076,1909f56bfc062723c751e8b465ee728b)
Start importing Assets/PreFabs/gunPickup - LMG.prefab using Guid(33aeeb8940002e941b9baa52c13bba20) Importer(815301076,1909f56bfc062723c751e8b465ee728b)  -> (artifact id: '9a5914f1fc8e0629341a0404d3bb47f1') in 0.054777 seconds 
========================================================================
Received Import Request.
  Time since last request: 2.048553 seconds.
  path: Assets/PreFabs/gunPickup - LMG.prefab
  artifactKey: Guid(33aeeb8940002e941b9baa52c13bba20) Importer(815301076,1909f56bfc062723c751e8b465ee728b)
Start importing Assets/PreFabs/gunPickup - LMG.prefab using Guid(33aeeb8940002e941b9baa52c13bba20) Importer(815301076,1909f56bfc062723c751e8b465ee728b)  -> (artifact id: 'fa5ba8afc83f56f9954e57a307e9c12b') in 0.047854 seconds 
========================================================================
Received Import Request.
  Time since last request: 1.595108 seconds.
  path: Assets/PreFabs/gunPickup - LMG.prefab
  artifactKey: Guid(33aeeb8940002e941b9baa52c13bba20) Importer(815301076,1909f56bfc062723c751e8b465ee728b)
Start importing Assets/PreFabs/gunPickup - LMG.prefab using Guid(33aeeb8940002e941b9baa52c13bba20) Importer(815301076,1909f56bfc062723c751e8b465ee728b)  -> (artifact id: 'ebd4d4d754a93fa14b23032dcdb8b637') in 0.045984 seconds 
========================================================================
Received Import Request.
  Time since last request: 0.626256 seconds.
  path: Assets/PreFabs/gunPickup - LMG.prefab
  artifactKey: Guid(33aeeb8940002e941b9baa52c13bba20) Importer(815301076,1909f56bfc062723c751e8b465ee728b)
Start importing Assets/PreFabs/gunPickup - LMG.prefab using Guid(33aeeb8940002e941b9baa52c13bba20) Importer(815301076,1909f56bfc062723c751e8b465ee728b)  -> (artifact id: '78f80014efd8811e8334f4fde914408d') in 0.096413 seconds 
========================================================================
Received Import Request.
  Time since last request: 0.556558 seconds.
  path: Assets/PreFabs/gunPickup - LMG.prefab
  artifactKey: Guid(33aeeb8940002e941b9baa52c13bba20) Importer(815301076,1909f56bfc062723c751e8b465ee728b)
Start importing Assets/PreFabs/gunPickup - LMG.prefab using Guid(33aeeb8940002e941b9baa52c13bba20) Importer(815301076,1909f56bfc062723c751e8b465ee728b)  -> (artifact id: 'e3fe2fedf629689f795eb581629d1eba') in 0.099476 seconds 
========================================================================
Received Import Request.
  Time since last request: 0.540295 seconds.
  path: Assets/PreFabs/gunPickup - LMG.prefab
  artifactKey: Guid(33aeeb8940002e941b9baa52c13bba20) Importer(815301076,1909f56bfc062723c751e8b465ee728b)
Start importing Assets/PreFabs/gunPickup - LMG.prefab using Guid(33aeeb8940002e941b9baa52c13bba20) Importer(815301076,1909f56bfc062723c751e8b465ee728b)  -> (artifact id: 'c893ec59f378024b8077a5e445346a7a') in 0.102969 seconds 
========================================================================
Received Import Request.
  Time since last request: 0.333008 seconds.
  path: Assets/PreFabs/gunPickup - LMG.prefab
  artifactKey: Guid(33aeeb8940002e941b9baa52c13bba20) Importer(815301076,1909f56bfc062723c751e8b465ee728b)
Start importing Assets/PreFabs/gunPickup - LMG.prefab using Guid(33aeeb8940002e941b9baa52c13bba20) Importer(815301076,1909f56bfc062723c751e8b465ee728b)  -> (artifact id: '4bbb790eb76c687a7f45cd6893fcf661') in 0.050091 seconds 
========================================================================
Received Import Request.
  Time since last request: 1.636732 seconds.
  path: Assets/PreFabs/gunPickup - LMG.prefab
  artifactKey: Guid(33aeeb8940002e941b9baa52c13bba20) Importer(815301076,1909f56bfc062723c751e8b465ee728b)
Start importing Assets/PreFabs/gunPickup - LMG.prefab using Guid(33aeeb8940002e941b9baa52c13bba20) Importer(815301076,1909f56bfc062723c751e8b465ee728b)  -> (artifact id: '3dc4bc65efecda33a0a3fa3bc659dba5') in 0.055927 seconds 
========================================================================
Received Import Request.
  Time since last request: 0.437223 seconds.
  path: Assets/PreFabs/gunPickup - LMG.prefab
  artifactKey: Guid(33aeeb8940002e941b9baa52c13bba20) Importer(815301076,1909f56bfc062723c751e8b465ee728b)
Start importing Assets/PreFabs/gunPickup - LMG.prefab using Guid(33aeeb8940002e941b9baa52c13bba20) Importer(815301076,1909f56bfc062723c751e8b465ee728b)  -> (artifact id: 'eafb98c46cc8c757266b052dada58fec') in 0.046614 seconds 
========================================================================
Received Import Request.
  Time since last request: 0.387743 seconds.
  path: Assets/PreFabs/gunPickup - LMG.prefab
  artifactKey: Guid(33aeeb8940002e941b9baa52c13bba20) Importer(815301076,1909f56bfc062723c751e8b465ee728b)
Start importing Assets/PreFabs/gunPickup - LMG.prefab using Guid(33aeeb8940002e941b9baa52c13bba20) Importer(815301076,1909f56bfc062723c751e8b465ee728b)  -> (artifact id: 'a4ff5b21ed5476566bd9347e97f422e7') in 0.063520 seconds 
========================================================================
Received Import Request.
  Time since last request: 0.939765 seconds.
  path: Assets/PreFabs/gunPickup - LMG.prefab
  artifactKey: Guid(33aeeb8940002e941b9baa52c13bba20) Importer(815301076,1909f56bfc062723c751e8b465ee728b)
Start importing Assets/PreFabs/gunPickup - LMG.prefab using Guid(33aeeb8940002e941b9baa52c13bba20) Importer(815301076,1909f56bfc062723c751e8b465ee728b)  -> (artifact id: '4270bf72030268aafa8dc0d9bf378035') in 0.041254 seconds 
========================================================================
Received Import Request.
  Time since last request: 1.797746 seconds.
  path: Assets/PreFabs/gunPickup - LMG.prefab
  artifactKey: Guid(33aeeb8940002e941b9baa52c13bba20) Importer(815301076,1909f56bfc062723c751e8b465ee728b)
Start importing Assets/PreFabs/gunPickup - LMG.prefab using Guid(33aeeb8940002e941b9baa52c13bba20) Importer(815301076,1909f56bfc062723c751e8b465ee728b)  -> (artifact id: '0183fbe7446a6d6254c058c56adb8f62') in 0.050319 seconds 
========================================================================
Received Prepare
Registering precompiled user dll's ...
Registered in 0.029717 seconds.
Begin MonoManager ReloadAssembly
Symbol file LoadedFromMemory doesn't match image C:\Portfolio2[Repo]\Project-Zero\Project-Zero\Project Zero\Library\PackageCache\com.unity.visualscripting@1.7.8\Editor\VisualScripting.Core\Dependencies\YamlDotNet\Unity.VisualScripting.YamlDotNet.dll
Symbol file LoadedFromMemory doesn't match image C:\Portfolio2[Repo]\Project-Zero\Project-Zero\Project Zero\Library\PackageCache\com.unity.visualscripting@1.7.8\Editor\VisualScripting.Core\Dependencies\DotNetZip\Unity.VisualScripting.IonicZip.dll
Native extension for WindowsStandalone target not found
Native extension for WebGL target not found
Refreshing native plugins compatible for Editor in 2.67 ms, found 3 plugins.
Preloading 0 native plugins for Editor in 0.00 ms.
Mono: successfully reloaded assembly
- Completed reload, in  4.409 seconds
Domain Reload Profiling:
	ReloadAssembly (4412ms)
		BeginReloadAssembly (502ms)
			ExecutionOrderSort (0ms)
			DisableScriptedObjects (19ms)
			BackupInstance (0ms)
			ReleaseScriptingObjects (0ms)
			CreateAndSetChildDomain (135ms)
		EndReloadAssembly (3447ms)
			LoadAssemblies (337ms)
			RebuildTransferFunctionScriptingTraits (0ms)
			SetupTypeCache (1135ms)
			ReleaseScriptCaches (4ms)
			RebuildScriptCaches (176ms)
			SetupLoadedEditorAssemblies (1597ms)
				LogAssemblyErrors (0ms)
				InitializePlatformSupportModulesInManaged (66ms)
				SetLoadedEditorAssemblies (3ms)
				RefreshPlugins (3ms)
				BeforeProcessingInitializeOnLoad (347ms)
				ProcessInitializeOnLoadAttributes (1023ms)
				ProcessInitializeOnLoadMethodAttributes (112ms)
				AfterProcessingInitializeOnLoad (43ms)
				EditorAssembliesLoaded (1ms)
			ExecutionOrderSort2 (0ms)
			AwakeInstancesAfterBackupRestoration (25ms)
Platform modules already initialized, skipping
Refreshing native plugins compatible for Editor in 8.30 ms, found 3 plugins.
Preloading 0 native plugins for Editor in 0.00 ms.
Unloading 3756 Unused Serialized files (Serialized files now loaded: 0)
Unloading 21 unused Assets / (114.7 KB). Loaded Objects now: 4294.
Memory consumption went from 139.4 MB to 139.2 MB.
Total: 11.360300 ms (FindLiveObjects: 0.860900 ms CreateObjectMapping: 0.548600 ms MarkObjects: 9.624700 ms  DeleteObjects: 0.322800 ms)

AssetImportParameters requested are different than current active one (requested -> active):
  custom:video-decoder-ogg-theora: a1e56fd34408186e4bbccfd4996cb3dc -> 
  custom:container-muxer-webm: aa71ff27fc2769a1b78a27578f13a17b -> 
  custom:container-demuxer-webm: 4f35f7cbe854078d1ac9338744f61a02 -> 
  custom:video-encoder-webm-vp8: eb34c28f22e8b96e1ab97ce403110664 -> 
  custom:audio-encoder-webm-vorbis: bf7c407c2cedff20999df2af8eb42d56 -> 
  custom:framework-win-MediaFoundation: 216162199b28c13a410421893ffa2e32 -> 
  custom:container-demuxer-ogg: 62fdf1f143b41e24485cea50d1cbac27 -> 
  custom:video-decoder-webm-vp8: 9c59270c3fd7afecdb556c50c9e8de78 -> 
  custom:audio-decoder-ogg-vorbis: bf7c407c2cedff20999df2af8eb42d56 -> 
========================================================================
Received Prepare
Registering precompiled user dll's ...
Registered in 0.021842 seconds.
Begin MonoManager ReloadAssembly
Symbol file LoadedFromMemory doesn't match image C:\Portfolio2[Repo]\Project-Zero\Project-Zero\Project Zero\Library\PackageCache\com.unity.visualscripting@1.7.8\Editor\VisualScripting.Core\Dependencies\YamlDotNet\Unity.VisualScripting.YamlDotNet.dll
Symbol file LoadedFromMemory doesn't match image C:\Portfolio2[Repo]\Project-Zero\Project-Zero\Project Zero\Library\PackageCache\com.unity.visualscripting@1.7.8\Editor\VisualScripting.Core\Dependencies\DotNetZip\Unity.VisualScripting.IonicZip.dll
Native extension for WindowsStandalone target not found
Native extension for WebGL target not found
Refreshing native plugins compatible for Editor in 2.05 ms, found 3 plugins.
Preloading 0 native plugins for Editor in 0.00 ms.
Mono: successfully reloaded assembly
- Completed reload, in  4.337 seconds
Domain Reload Profiling:
	ReloadAssembly (4340ms)
		BeginReloadAssembly (514ms)
			ExecutionOrderSort (0ms)
			DisableScriptedObjects (30ms)
			BackupInstance (0ms)
			ReleaseScriptingObjects (0ms)
			CreateAndSetChildDomain (120ms)
		EndReloadAssembly (3352ms)
			LoadAssemblies (327ms)
			RebuildTransferFunctionScriptingTraits (0ms)
			SetupTypeCache (1159ms)
			ReleaseScriptCaches (4ms)
			RebuildScriptCaches (172ms)
			SetupLoadedEditorAssemblies (1500ms)
				LogAssemblyErrors (0ms)
				InitializePlatformSupportModulesInManaged (70ms)
				SetLoadedEditorAssemblies (2ms)
				RefreshPlugins (2ms)
				BeforeProcessingInitializeOnLoad (311ms)
				ProcessInitializeOnLoadAttributes (963ms)
				ProcessInitializeOnLoadMethodAttributes (112ms)
				AfterProcessingInitializeOnLoad (39ms)
				EditorAssembliesLoaded (1ms)
			ExecutionOrderSort2 (0ms)
			AwakeInstancesAfterBackupRestoration (21ms)
Platform modules already initialized, skipping
Refreshing native plugins compatible for Editor in 7.41 ms, found 3 plugins.
Preloading 0 native plugins for Editor in 0.00 ms.
Unloading 3756 Unused Serialized files (Serialized files now loaded: 0)
Unloading 21 unused Assets / (137.3 KB). Loaded Objects now: 4297.
Memory consumption went from 139.4 MB to 139.3 MB.
Total: 8.718900 ms (FindLiveObjects: 0.648500 ms CreateObjectMapping: 0.638900 ms MarkObjects: 6.994400 ms  DeleteObjects: 0.434000 ms)

AssetImportParameters requested are different than current active one (requested -> active):
  custom:video-decoder-ogg-theora: a1e56fd34408186e4bbccfd4996cb3dc -> 
  custom:container-muxer-webm: aa71ff27fc2769a1b78a27578f13a17b -> 
  custom:container-demuxer-webm: 4f35f7cbe854078d1ac9338744f61a02 -> 
  custom:video-encoder-webm-vp8: eb34c28f22e8b96e1ab97ce403110664 -> 
  custom:audio-encoder-webm-vorbis: bf7c407c2cedff20999df2af8eb42d56 -> 
  custom:framework-win-MediaFoundation: 216162199b28c13a410421893ffa2e32 -> 
  custom:container-demuxer-ogg: 62fdf1f143b41e24485cea50d1cbac27 -> 
  custom:video-decoder-webm-vp8: 9c59270c3fd7afecdb556c50c9e8de78 -> 
  custom:audio-decoder-ogg-vorbis: bf7c407c2cedff20999df2af8eb42d56 -> 
========================================================================
Received Import Request.
  Time since last request: 100.005605 seconds.
  path: Assets/PreFabs/GunStat - Pistol.asset
  artifactKey: Guid(4d11183f8dd1f0b48aa4905ca5a2abf7) Importer(815301076,1909f56bfc062723c751e8b465ee728b)
Start importing Assets/PreFabs/GunStat - Pistol.asset using Guid(4d11183f8dd1f0b48aa4905ca5a2abf7) Importer(815301076,1909f56bfc062723c751e8b465ee728b)  -> (artifact id: 'b05ae74da4d592bea6cb92014c919905') in 0.059720 seconds 
========================================================================
Received Import Request.
  Time since last request: 3.763254 seconds.
  path: Assets/PreFabs/GunStat - Rifle Semi.asset
  artifactKey: Guid(3d722a591a4c7fe4187de38ba56eb3c1) Importer(815301076,1909f56bfc062723c751e8b465ee728b)
Start importing Assets/PreFabs/GunStat - Rifle Semi.asset using Guid(3d722a591a4c7fe4187de38ba56eb3c1) Importer(815301076,1909f56bfc062723c751e8b465ee728b)  -> (artifact id: '2c48dee00fbdebdc03f6a4c3ac2c0352') in 0.012915 seconds 
========================================================================
Received Import Request.
  Time since last request: 1.995529 seconds.
  path: Assets/PreFabs/GunStat - Rifle.asset
  artifactKey: Guid(29ede450e1d77224ca6af8ac3e44213c) Importer(815301076,1909f56bfc062723c751e8b465ee728b)
Start importing Assets/PreFabs/GunStat - Rifle.asset using Guid(29ede450e1d77224ca6af8ac3e44213c) Importer(815301076,1909f56bfc062723c751e8b465ee728b)  -> (artifact id: '46ba72b9b4e71f61585c39b13b2d10f8') in 0.011084 seconds 
========================================================================
Received Import Request.
  Time since last request: 2.176184 seconds.
  path: Assets/PreFabs/GunStat - ShotGun.asset
  artifactKey: Guid(87063487886d2264487145045d35b299) Importer(815301076,1909f56bfc062723c751e8b465ee728b)
Start importing Assets/PreFabs/GunStat - ShotGun.asset using Guid(87063487886d2264487145045d35b299) Importer(815301076,1909f56bfc062723c751e8b465ee728b)  -> (artifact id: '8b134470a721b31311930c96cff4b6af') in 0.012338 seconds 
========================================================================
Received Import Request.
  Time since last request: 2.365759 seconds.
  path: Assets/PreFabs/GunStat - Uzi.asset
  artifactKey: Guid(b024ea667f890824b9169ebf8c871e19) Importer(815301076,1909f56bfc062723c751e8b465ee728b)
Start importing Assets/PreFabs/GunStat - Uzi.asset using Guid(b024ea667f890824b9169ebf8c871e19) Importer(815301076,1909f56bfc062723c751e8b465ee728b)  -> (artifact id: 'a1032ba9b53990a6184deaf40ac40070') in 0.010867 seconds 
========================================================================
Received Prepare
Registering precompiled user dll's ...
Registered in 0.031144 seconds.
Begin MonoManager ReloadAssembly
Symbol file LoadedFromMemory doesn't match image C:\Portfolio2[Repo]\Project-Zero\Project-Zero\Project Zero\Library\PackageCache\com.unity.visualscripting@1.7.8\Editor\VisualScripting.Core\Dependencies\YamlDotNet\Unity.VisualScripting.YamlDotNet.dll
Symbol file LoadedFromMemory doesn't match image C:\Portfolio2[Repo]\Project-Zero\Project-Zero\Project Zero\Library\PackageCache\com.unity.visualscripting@1.7.8\Editor\VisualScripting.Core\Dependencies\DotNetZip\Unity.VisualScripting.IonicZip.dll
Native extension for WindowsStandalone target not found
Native extension for WebGL target not found
Refreshing native plugins compatible for Editor in 2.28 ms, found 3 plugins.
Preloading 0 native plugins for Editor in 0.00 ms.
Mono: successfully reloaded assembly
- Completed reload, in  4.465 seconds
Domain Reload Profiling:
	ReloadAssembly (4468ms)
		BeginReloadAssembly (517ms)
			ExecutionOrderSort (0ms)
			DisableScriptedObjects (19ms)
			BackupInstance (0ms)
			ReleaseScriptingObjects (0ms)
			CreateAndSetChildDomain (125ms)
		EndReloadAssembly (3519ms)
			LoadAssemblies (364ms)
			RebuildTransferFunctionScriptingTraits (0ms)
			SetupTypeCache (1183ms)
			ReleaseScriptCaches (5ms)
			RebuildScriptCaches (189ms)
			SetupLoadedEditorAssemblies (1589ms)
				LogAssemblyErrors (0ms)
				InitializePlatformSupportModulesInManaged (67ms)
				SetLoadedEditorAssemblies (2ms)
				RefreshPlugins (2ms)
				BeforeProcessingInitializeOnLoad (361ms)
				ProcessInitializeOnLoadAttributes (981ms)
				ProcessInitializeOnLoadMethodAttributes (132ms)
				AfterProcessingInitializeOnLoad (43ms)
				EditorAssembliesLoaded (1ms)
			ExecutionOrderSort2 (0ms)
			AwakeInstancesAfterBackupRestoration (25ms)
Platform modules already initialized, skipping
Refreshing native plugins compatible for Editor in 6.92 ms, found 3 plugins.
Preloading 0 native plugins for Editor in 0.00 ms.
Unloading 3756 Unused Serialized files (Serialized files now loaded: 0)
Unloading 21 unused Assets / (114.7 KB). Loaded Objects now: 4300.
Memory consumption went from 139.4 MB to 139.3 MB.
Total: 10.545900 ms (FindLiveObjects: 0.565500 ms CreateObjectMapping: 0.418500 ms MarkObjects: 9.280000 ms  DeleteObjects: 0.279400 ms)

AssetImportParameters requested are different than current active one (requested -> active):
  custom:video-decoder-ogg-theora: a1e56fd34408186e4bbccfd4996cb3dc -> 
  custom:container-muxer-webm: aa71ff27fc2769a1b78a27578f13a17b -> 
  custom:container-demuxer-webm: 4f35f7cbe854078d1ac9338744f61a02 -> 
  custom:video-encoder-webm-vp8: eb34c28f22e8b96e1ab97ce403110664 -> 
  custom:audio-encoder-webm-vorbis: bf7c407c2cedff20999df2af8eb42d56 -> 
  custom:framework-win-MediaFoundation: 216162199b28c13a410421893ffa2e32 -> 
  custom:container-demuxer-ogg: 62fdf1f143b41e24485cea50d1cbac27 -> 
  custom:video-decoder-webm-vp8: 9c59270c3fd7afecdb556c50c9e8de78 -> 
  custom:audio-decoder-ogg-vorbis: bf7c407c2cedff20999df2af8eb42d56 -> 
